[0.103s] DEBUG:colcon:Command line arguments: ['/usr/bin/colcon', 'build', '--packages-select', 'andy']
[0.103s] DEBUG:colcon:Parsed command line arguments: Namespace(log_base=None, log_level=None, verb_name='build', build_base='build', install_base='install', merge_install=False, symlink_install=False, test_result_base=None, continue_on_error=False, executor='parallel', parallel_workers=12, event_handlers=None, ignore_user_meta=False, metas=['./colcon.meta'], base_paths=['.'], packages_ignore=None, packages_ignore_regex=None, paths=None, packages_up_to=None, packages_up_to_regex=None, packages_above=None, packages_above_and_dependencies=None, packages_above_depth=None, packages_select_by_dep=None, packages_skip_by_dep=None, packages_skip_up_to=None, packages_select_build_failed=False, packages_skip_build_finished=False, packages_select_test_failures=False, packages_skip_test_passed=False, packages_select=['andy'], packages_skip=None, packages_select_regex=None, packages_skip_regex=None, packages_start=None, packages_end=None, allow_overriding=[], cmake_args=None, cmake_target=None, cmake_target_skip_unavailable=False, cmake_clean_cache=False, cmake_clean_first=False, cmake_force_configure=False, ament_cmake_args=None, catkin_cmake_args=None, catkin_skip_building_tests=False, verb_parser=<colcon_defaults.argument_parser.defaults.DefaultArgumentsDecorator object at 0x70f51a937c70>, verb_extension=<colcon_core.verb.build.BuildVerb object at 0x70f51a9375b0>, main=<bound method BuildVerb.main of <colcon_core.verb.build.BuildVerb object at 0x70f51a9375b0>>)
[0.266s] Level 1:colcon.colcon_core.package_discovery:discover_packages(colcon_meta) check parameters
[0.266s] Level 1:colcon.colcon_core.package_discovery:discover_packages(recursive) check parameters
[0.266s] Level 1:colcon.colcon_core.package_discovery:discover_packages(ignore) check parameters
[0.266s] Level 1:colcon.colcon_core.package_discovery:discover_packages(path) check parameters
[0.266s] Level 1:colcon.colcon_core.package_discovery:discover_packages(colcon_meta) discover
[0.267s] Level 1:colcon.colcon_core.package_discovery:discover_packages(recursive) discover
[0.267s] INFO:colcon.colcon_core.package_discovery:Crawling recursively for packages in '/home/andrew/ros2_ws/src/waitforme'
[0.267s] Level 1:colcon.colcon_core.package_identification:_identify(.) by extensions ['ignore', 'ignore_ament_install']
[0.267s] Level 1:colcon.colcon_core.package_identification:_identify(.) by extension 'ignore'
[0.267s] Level 1:colcon.colcon_core.package_identification:_identify(.) by extension 'ignore_ament_install'
[0.267s] Level 1:colcon.colcon_core.package_identification:_identify(.) by extensions ['colcon_pkg']
[0.267s] Level 1:colcon.colcon_core.package_identification:_identify(.) by extension 'colcon_pkg'
[0.267s] Level 1:colcon.colcon_core.package_identification:_identify(.) by extensions ['colcon_meta']
[0.267s] Level 1:colcon.colcon_core.package_identification:_identify(.) by extension 'colcon_meta'
[0.267s] Level 1:colcon.colcon_core.package_identification:_identify(.) by extensions ['ros']
[0.267s] Level 1:colcon.colcon_core.package_identification:_identify(.) by extension 'ros'
[0.276s] Level 1:colcon.colcon_core.package_identification:_identify(.) by extensions ['cmake', 'python']
[0.276s] Level 1:colcon.colcon_core.package_identification:_identify(.) by extension 'cmake'
[0.276s] Level 1:colcon.colcon_core.package_identification:_identify(.) by extension 'python'
[0.276s] Level 1:colcon.colcon_core.package_identification:_identify(.) by extensions ['python_setup_py']
[0.276s] Level 1:colcon.colcon_core.package_identification:_identify(.) by extension 'python_setup_py'
[0.276s] Level 1:colcon.colcon_core.package_identification:_identify(Documents) by extensions ['ignore', 'ignore_ament_install']
[0.276s] Level 1:colcon.colcon_core.package_identification:_identify(Documents) by extension 'ignore'
[0.276s] Level 1:colcon.colcon_core.package_identification:_identify(Documents) by extension 'ignore_ament_install'
[0.276s] Level 1:colcon.colcon_core.package_identification:_identify(Documents) by extensions ['colcon_pkg']
[0.276s] Level 1:colcon.colcon_core.package_identification:_identify(Documents) by extension 'colcon_pkg'
[0.276s] Level 1:colcon.colcon_core.package_identification:_identify(Documents) by extensions ['colcon_meta']
[0.276s] Level 1:colcon.colcon_core.package_identification:_identify(Documents) by extension 'colcon_meta'
[0.276s] Level 1:colcon.colcon_core.package_identification:_identify(Documents) by extensions ['ros']
[0.276s] Level 1:colcon.colcon_core.package_identification:_identify(Documents) by extension 'ros'
[0.276s] Level 1:colcon.colcon_core.package_identification:_identify(Documents) by extensions ['cmake', 'python']
[0.276s] Level 1:colcon.colcon_core.package_identification:_identify(Documents) by extension 'cmake'
[0.276s] Level 1:colcon.colcon_core.package_identification:_identify(Documents) by extension 'python'
[0.276s] Level 1:colcon.colcon_core.package_identification:_identify(Documents) by extensions ['python_setup_py']
[0.276s] Level 1:colcon.colcon_core.package_identification:_identify(Documents) by extension 'python_setup_py'
[0.276s] Level 1:colcon.colcon_core.package_identification:_identify(andy) by extensions ['ignore', 'ignore_ament_install']
[0.276s] Level 1:colcon.colcon_core.package_identification:_identify(andy) by extension 'ignore'
[0.276s] Level 1:colcon.colcon_core.package_identification:_identify(andy) by extension 'ignore_ament_install'
[0.276s] Level 1:colcon.colcon_core.package_identification:_identify(andy) by extensions ['colcon_pkg']
[0.276s] Level 1:colcon.colcon_core.package_identification:_identify(andy) by extension 'colcon_pkg'
[0.276s] Level 1:colcon.colcon_core.package_identification:_identify(andy) by extensions ['colcon_meta']
[0.276s] Level 1:colcon.colcon_core.package_identification:_identify(andy) by extension 'colcon_meta'
[0.276s] Level 1:colcon.colcon_core.package_identification:_identify(andy) by extensions ['ros']
[0.276s] Level 1:colcon.colcon_core.package_identification:_identify(andy) by extension 'ros'
[0.279s] DEBUG:colcon.colcon_core.package_identification:Package 'andy' with type 'ros.ament_cmake' and name 'andy'
[0.279s] Level 1:colcon.colcon_core.package_identification:_identify(build) by extensions ['ignore', 'ignore_ament_install']
[0.280s] Level 1:colcon.colcon_core.package_identification:_identify(build) by extension 'ignore'
[0.280s] Level 1:colcon.colcon_core.package_identification:_identify(build) ignored
[0.280s] Level 1:colcon.colcon_core.package_identification:_identify(hallie) by extensions ['ignore', 'ignore_ament_install']
[0.280s] Level 1:colcon.colcon_core.package_identification:_identify(hallie) by extension 'ignore'
[0.280s] Level 1:colcon.colcon_core.package_identification:_identify(hallie) by extension 'ignore_ament_install'
[0.280s] Level 1:colcon.colcon_core.package_identification:_identify(hallie) by extensions ['colcon_pkg']
[0.280s] Level 1:colcon.colcon_core.package_identification:_identify(hallie) by extension 'colcon_pkg'
[0.280s] Level 1:colcon.colcon_core.package_identification:_identify(hallie) by extensions ['colcon_meta']
[0.280s] Level 1:colcon.colcon_core.package_identification:_identify(hallie) by extension 'colcon_meta'
[0.280s] Level 1:colcon.colcon_core.package_identification:_identify(hallie) by extensions ['ros']
[0.280s] Level 1:colcon.colcon_core.package_identification:_identify(hallie) by extension 'ros'
[0.281s] DEBUG:colcon.colcon_core.package_identification:Package 'hallie' with type 'ros.ament_cmake' and name 'hallie'
[0.281s] Level 1:colcon.colcon_core.package_identification:_identify(install) by extensions ['ignore', 'ignore_ament_install']
[0.282s] Level 1:colcon.colcon_core.package_identification:_identify(install) by extension 'ignore'
[0.282s] Level 1:colcon.colcon_core.package_identification:_identify(install) ignored
[0.282s] Level 1:colcon.colcon_core.package_identification:_identify(issy) by extensions ['ignore', 'ignore_ament_install']
[0.282s] Level 1:colcon.colcon_core.package_identification:_identify(issy) by extension 'ignore'
[0.282s] Level 1:colcon.colcon_core.package_identification:_identify(issy) by extension 'ignore_ament_install'
[0.282s] Level 1:colcon.colcon_core.package_identification:_identify(issy) by extensions ['colcon_pkg']
[0.282s] Level 1:colcon.colcon_core.package_identification:_identify(issy) by extension 'colcon_pkg'
[0.282s] Level 1:colcon.colcon_core.package_identification:_identify(issy) by extensions ['colcon_meta']
[0.282s] Level 1:colcon.colcon_core.package_identification:_identify(issy) by extension 'colcon_meta'
[0.282s] Level 1:colcon.colcon_core.package_identification:_identify(issy) by extensions ['ros']
[0.282s] Level 1:colcon.colcon_core.package_identification:_identify(issy) by extension 'ros'
[0.283s] DEBUG:colcon.colcon_core.package_identification:Package 'issy' with type 'ros.ament_cmake' and name 'issy'
[0.283s] Level 1:colcon.colcon_core.package_identification:_identify(log) by extensions ['ignore', 'ignore_ament_install']
[0.283s] Level 1:colcon.colcon_core.package_identification:_identify(log) by extension 'ignore'
[0.283s] Level 1:colcon.colcon_core.package_identification:_identify(log) ignored
[0.283s] Level 1:colcon.colcon_core.package_identification:_identify(logic) by extensions ['ignore', 'ignore_ament_install']
[0.283s] Level 1:colcon.colcon_core.package_identification:_identify(logic) by extension 'ignore'
[0.283s] Level 1:colcon.colcon_core.package_identification:_identify(logic) by extension 'ignore_ament_install'
[0.283s] Level 1:colcon.colcon_core.package_identification:_identify(logic) by extensions ['colcon_pkg']
[0.283s] Level 1:colcon.colcon_core.package_identification:_identify(logic) by extension 'colcon_pkg'
[0.283s] Level 1:colcon.colcon_core.package_identification:_identify(logic) by extensions ['colcon_meta']
[0.283s] Level 1:colcon.colcon_core.package_identification:_identify(logic) by extension 'colcon_meta'
[0.283s] Level 1:colcon.colcon_core.package_identification:_identify(logic) by extensions ['ros']
[0.283s] Level 1:colcon.colcon_core.package_identification:_identify(logic) by extension 'ros'
[0.284s] DEBUG:colcon.colcon_core.package_identification:Package 'logic' with type 'ros.ament_cmake' and name 'logic'
[0.284s] Level 1:colcon.colcon_core.package_identification:_identify(tom) by extensions ['ignore', 'ignore_ament_install']
[0.284s] Level 1:colcon.colcon_core.package_identification:_identify(tom) by extension 'ignore'
[0.284s] Level 1:colcon.colcon_core.package_identification:_identify(tom) by extension 'ignore_ament_install'
[0.284s] Level 1:colcon.colcon_core.package_identification:_identify(tom) by extensions ['colcon_pkg']
[0.284s] Level 1:colcon.colcon_core.package_identification:_identify(tom) by extension 'colcon_pkg'
[0.284s] Level 1:colcon.colcon_core.package_identification:_identify(tom) by extensions ['colcon_meta']
[0.284s] Level 1:colcon.colcon_core.package_identification:_identify(tom) by extension 'colcon_meta'
[0.284s] Level 1:colcon.colcon_core.package_identification:_identify(tom) by extensions ['ros']
[0.284s] Level 1:colcon.colcon_core.package_identification:_identify(tom) by extension 'ros'
[0.285s] DEBUG:colcon.colcon_core.package_identification:Package 'tom' with type 'ros.ament_cmake' and name 'tom'
[0.285s] Level 1:colcon.colcon_core.package_discovery:discover_packages(recursive) using defaults
[0.285s] Level 1:colcon.colcon_core.package_discovery:discover_packages(ignore) discover
[0.285s] Level 1:colcon.colcon_core.package_discovery:discover_packages(ignore) using defaults
[0.285s] Level 1:colcon.colcon_core.package_discovery:discover_packages(path) discover
[0.285s] Level 1:colcon.colcon_core.package_discovery:discover_packages(path) using defaults
[0.313s] INFO:colcon.colcon_core.package_selection:Skipping not selected package 'hallie' in 'hallie'
[0.314s] INFO:colcon.colcon_core.package_selection:Skipping not selected package 'issy' in 'issy'
[0.314s] INFO:colcon.colcon_core.package_selection:Skipping not selected package 'logic' in 'logic'
[0.314s] INFO:colcon.colcon_core.package_selection:Skipping not selected package 'tom' in 'tom'
[0.314s] Level 1:colcon.colcon_core.package_discovery:discover_packages(prefix_path) check parameters
[0.315s] Level 1:colcon.colcon_core.package_discovery:discover_packages(prefix_path) discover
[0.316s] DEBUG:colcon.colcon_installed_package_information.package_discovery:Found 1 installed packages in /home/andrew/ros2_ws/src/waitforme/install
[0.317s] DEBUG:colcon.colcon_installed_package_information.package_discovery:Found 5 installed packages in /home/andrew/ros2_ws/install
[0.318s] DEBUG:colcon.colcon_installed_package_information.package_discovery:Found 370 installed packages in /opt/ros/humble
[0.319s] Level 1:colcon.colcon_core.package_discovery:discover_packages(prefix_path) using defaults
[0.360s] Level 5:colcon.colcon_core.verb:set package 'andy' build argument 'cmake_args' from command line to 'None'
[0.360s] Level 5:colcon.colcon_core.verb:set package 'andy' build argument 'cmake_target' from command line to 'None'
[0.360s] Level 5:colcon.colcon_core.verb:set package 'andy' build argument 'cmake_target_skip_unavailable' from command line to 'False'
[0.360s] Level 5:colcon.colcon_core.verb:set package 'andy' build argument 'cmake_clean_cache' from command line to 'False'
[0.360s] Level 5:colcon.colcon_core.verb:set package 'andy' build argument 'cmake_clean_first' from command line to 'False'
[0.360s] Level 5:colcon.colcon_core.verb:set package 'andy' build argument 'cmake_force_configure' from command line to 'False'
[0.360s] Level 5:colcon.colcon_core.verb:set package 'andy' build argument 'ament_cmake_args' from command line to 'None'
[0.360s] Level 5:colcon.colcon_core.verb:set package 'andy' build argument 'catkin_cmake_args' from command line to 'None'
[0.360s] Level 5:colcon.colcon_core.verb:set package 'andy' build argument 'catkin_skip_building_tests' from command line to 'False'
[0.360s] DEBUG:colcon.colcon_core.verb:Building package 'andy' with the following arguments: {'ament_cmake_args': None, 'build_base': '/home/andrew/ros2_ws/src/waitforme/build/andy', 'catkin_cmake_args': None, 'catkin_skip_building_tests': False, 'cmake_args': None, 'cmake_clean_cache': False, 'cmake_clean_first': False, 'cmake_force_configure': False, 'cmake_target': None, 'cmake_target_skip_unavailable': False, 'install_base': '/home/andrew/ros2_ws/src/waitforme/install/andy', 'merge_install': False, 'path': '/home/andrew/ros2_ws/src/waitforme/andy', 'symlink_install': False, 'test_result_base': None}
[0.360s] INFO:colcon.colcon_core.executor:Executing jobs using 'parallel' executor
[0.361s] DEBUG:colcon.colcon_parallel_executor.executor.parallel:run_until_complete
[0.361s] INFO:colcon.colcon_ros.task.ament_cmake.build:Building ROS package in '/home/andrew/ros2_ws/src/waitforme/andy' with build type 'ament_cmake'
[0.361s] INFO:colcon.colcon_cmake.task.cmake.build:Building CMake package in '/home/andrew/ros2_ws/src/waitforme/andy'
[0.365s] INFO:colcon.colcon_core.plugin_system:Skipping extension 'colcon_core.shell.bat': Not used on non-Windows systems
[0.365s] INFO:colcon.colcon_core.shell:Skip shell extension 'powershell' for command environment: Not usable outside of PowerShell
[0.365s] DEBUG:colcon.colcon_core.shell:Skip shell extension 'dsv' for command environment
[0.385s] DEBUG:colcon.colcon_core.event_handler.log_command:Invoking command in '/home/andrew/ros2_ws/src/waitforme/build/andy': CMAKE_PREFIX_PATH=${CMAKE_PREFIX_PATH}:/home/andrew/ros2_ws/install/turtlebot3_teleop:/opt/ros/humble /usr/bin/cmake --build /home/andrew/ros2_ws/src/waitforme/build/andy -- -j12 -l12
[9.314s] DEBUG:colcon.colcon_core.event_handler.log_command:Invoked command in '/home/andrew/ros2_ws/src/waitforme/build/andy' returned '0': CMAKE_PREFIX_PATH=${CMAKE_PREFIX_PATH}:/home/andrew/ros2_ws/install/turtlebot3_teleop:/opt/ros/humble /usr/bin/cmake --build /home/andrew/ros2_ws/src/waitforme/build/andy -- -j12 -l12
[9.323s] DEBUG:colcon.colcon_core.event_handler.log_command:Invoking command in '/home/andrew/ros2_ws/src/waitforme/build/andy': CMAKE_PREFIX_PATH=${CMAKE_PREFIX_PATH}:/home/andrew/ros2_ws/install/turtlebot3_teleop:/opt/ros/humble /usr/bin/cmake --install /home/andrew/ros2_ws/src/waitforme/build/andy
[9.343s] Level 1:colcon.colcon_core.environment:create_environment_scripts_only(andy)
[9.345s] DEBUG:colcon.colcon_core.event_handler.log_command:Invoked command in '/home/andrew/ros2_ws/src/waitforme/build/andy' returned '0': CMAKE_PREFIX_PATH=${CMAKE_PREFIX_PATH}:/home/andrew/ros2_ws/install/turtlebot3_teleop:/opt/ros/humble /usr/bin/cmake --install /home/andrew/ros2_ws/src/waitforme/build/andy
[9.348s] Level 1:colcon.colcon_core.environment:checking '/home/andrew/ros2_ws/src/waitforme/install/andy' for CMake module files
[9.349s] Level 1:colcon.colcon_core.environment:checking '/home/andrew/ros2_ws/src/waitforme/install/andy' for CMake config files
[9.349s] Level 1:colcon.colcon_core.shell:create_environment_hook('andy', 'cmake_prefix_path')
[9.349s] INFO:colcon.colcon_core.shell:Creating environment hook '/home/andrew/ros2_ws/src/waitforme/install/andy/share/andy/hook/cmake_prefix_path.ps1'
[9.350s] INFO:colcon.colcon_core.shell:Creating environment descriptor '/home/andrew/ros2_ws/src/waitforme/install/andy/share/andy/hook/cmake_prefix_path.dsv'
[9.350s] INFO:colcon.colcon_core.shell:Creating environment hook '/home/andrew/ros2_ws/src/waitforme/install/andy/share/andy/hook/cmake_prefix_path.sh'
[9.351s] Level 1:colcon.colcon_core.environment:checking '/home/andrew/ros2_ws/src/waitforme/install/andy/lib'
[9.351s] Level 1:colcon.colcon_core.environment:checking '/home/andrew/ros2_ws/src/waitforme/install/andy/bin'
[9.351s] Level 1:colcon.colcon_core.environment:checking '/home/andrew/ros2_ws/src/waitforme/install/andy/lib/pkgconfig/andy.pc'
[9.351s] Level 1:colcon.colcon_core.environment:checking '/home/andrew/ros2_ws/src/waitforme/install/andy/lib/python3.10/site-packages'
[9.351s] Level 1:colcon.colcon_core.environment:checking '/home/andrew/ros2_ws/src/waitforme/install/andy/bin'
[9.352s] INFO:colcon.colcon_core.shell:Creating package script '/home/andrew/ros2_ws/src/waitforme/install/andy/share/andy/package.ps1'
[9.352s] INFO:colcon.colcon_core.shell:Creating package descriptor '/home/andrew/ros2_ws/src/waitforme/install/andy/share/andy/package.dsv'
[9.352s] INFO:colcon.colcon_core.shell:Creating package script '/home/andrew/ros2_ws/src/waitforme/install/andy/share/andy/package.sh'
[9.353s] INFO:colcon.colcon_core.shell:Creating package script '/home/andrew/ros2_ws/src/waitforme/install/andy/share/andy/package.bash'
[9.353s] INFO:colcon.colcon_core.shell:Creating package script '/home/andrew/ros2_ws/src/waitforme/install/andy/share/andy/package.zsh'
[9.354s] Level 1:colcon.colcon_core.environment:create_file_with_runtime_dependencies(/home/andrew/ros2_ws/src/waitforme/install/andy/share/colcon-core/packages/andy)
[9.354s] Level 1:colcon.colcon_core.environment:create_environment_scripts_only(andy)
[9.354s] Level 1:colcon.colcon_core.environment:checking '/home/andrew/ros2_ws/src/waitforme/install/andy' for CMake module files
[9.354s] Level 1:colcon.colcon_core.environment:checking '/home/andrew/ros2_ws/src/waitforme/install/andy' for CMake config files
[9.354s] Level 1:colcon.colcon_core.shell:create_environment_hook('andy', 'cmake_prefix_path')
[9.355s] INFO:colcon.colcon_core.shell:Creating environment hook '/home/andrew/ros2_ws/src/waitforme/install/andy/share/andy/hook/cmake_prefix_path.ps1'
[9.355s] INFO:colcon.colcon_core.shell:Creating environment descriptor '/home/andrew/ros2_ws/src/waitforme/install/andy/share/andy/hook/cmake_prefix_path.dsv'
[9.355s] INFO:colcon.colcon_core.shell:Creating environment hook '/home/andrew/ros2_ws/src/waitforme/install/andy/share/andy/hook/cmake_prefix_path.sh'
[9.355s] Level 1:colcon.colcon_core.environment:checking '/home/andrew/ros2_ws/src/waitforme/install/andy/lib'
[9.355s] Level 1:colcon.colcon_core.environment:checking '/home/andrew/ros2_ws/src/waitforme/install/andy/bin'
[9.355s] Level 1:colcon.colcon_core.environment:checking '/home/andrew/ros2_ws/src/waitforme/install/andy/lib/pkgconfig/andy.pc'
[9.355s] Level 1:colcon.colcon_core.environment:checking '/home/andrew/ros2_ws/src/waitforme/install/andy/lib/python3.10/site-packages'
[9.356s] Level 1:colcon.colcon_core.environment:checking '/home/andrew/ros2_ws/src/waitforme/install/andy/bin'
[9.356s] INFO:colcon.colcon_core.shell:Creating package script '/home/andrew/ros2_ws/src/waitforme/install/andy/share/andy/package.ps1'
[9.356s] INFO:colcon.colcon_core.shell:Creating package descriptor '/home/andrew/ros2_ws/src/waitforme/install/andy/share/andy/package.dsv'
[9.356s] INFO:colcon.colcon_core.shell:Creating package script '/home/andrew/ros2_ws/src/waitforme/install/andy/share/andy/package.sh'
[9.357s] INFO:colcon.colcon_core.shell:Creating package script '/home/andrew/ros2_ws/src/waitforme/install/andy/share/andy/package.bash'
[9.357s] INFO:colcon.colcon_core.shell:Creating package script '/home/andrew/ros2_ws/src/waitforme/install/andy/share/andy/package.zsh'
[9.357s] Level 1:colcon.colcon_core.environment:create_file_with_runtime_dependencies(/home/andrew/ros2_ws/src/waitforme/install/andy/share/colcon-core/packages/andy)
[9.357s] DEBUG:colcon.colcon_parallel_executor.executor.parallel:closing loop
[9.358s] DEBUG:colcon.colcon_parallel_executor.executor.parallel:loop closed
[9.358s] DEBUG:colcon.colcon_parallel_executor.executor.parallel:run_until_complete finished with '0'
[9.358s] DEBUG:colcon.colcon_core.event_reactor:joining thread
[9.362s] INFO:colcon.colcon_core.plugin_system:Skipping extension 'colcon_notification.desktop_notification.terminal_notifier': Not used on non-Darwin systems
[9.362s] INFO:colcon.colcon_core.plugin_system:Skipping extension 'colcon_notification.desktop_notification.win32': Not used on non-Windows systems
[9.362s] INFO:colcon.colcon_notification.desktop_notification:Sending desktop notification using 'notify2'
[9.382s] DEBUG:colcon.colcon_core.event_reactor:joined thread
[9.382s] INFO:colcon.colcon_core.shell:Creating prefix script '/home/andrew/ros2_ws/src/waitforme/install/local_setup.ps1'
[9.383s] INFO:colcon.colcon_core.shell:Creating prefix util module '/home/andrew/ros2_ws/src/waitforme/install/_local_setup_util_ps1.py'
[9.384s] INFO:colcon.colcon_core.shell:Creating prefix chain script '/home/andrew/ros2_ws/src/waitforme/install/setup.ps1'
[9.385s] INFO:colcon.colcon_core.shell:Creating prefix script '/home/andrew/ros2_ws/src/waitforme/install/local_setup.sh'
[9.385s] INFO:colcon.colcon_core.shell:Creating prefix util module '/home/andrew/ros2_ws/src/waitforme/install/_local_setup_util_sh.py'
[9.386s] INFO:colcon.colcon_core.shell:Creating prefix chain script '/home/andrew/ros2_ws/src/waitforme/install/setup.sh'
[9.387s] INFO:colcon.colcon_core.shell:Creating prefix script '/home/andrew/ros2_ws/src/waitforme/install/local_setup.bash'
[9.387s] INFO:colcon.colcon_core.shell:Creating prefix chain script '/home/andrew/ros2_ws/src/waitforme/install/setup.bash'
[9.388s] INFO:colcon.colcon_core.shell:Creating prefix script '/home/andrew/ros2_ws/src/waitforme/install/local_setup.zsh'
[9.388s] INFO:colcon.colcon_core.shell:Creating prefix chain script '/home/andrew/ros2_ws/src/waitforme/install/setup.zsh'
