[0.011s] Invoking command in '/home/andrew/ros2_ws/src/waitforme/build/andy': CMAKE_PREFIX_PATH=${CMAKE_PREFIX_PATH}:/home/andrew/ros2_ws/install/turtlebot3_teleop:/opt/ros/humble /usr/bin/cmake --build /home/andrew/ros2_ws/src/waitforme/build/andy -- -j12 -l12
[0.091s] [ 50%] [32mBuilding CXX object CMakeFiles/path_planner.dir/src/path_planner.cpp.o[0m
[3.591s] [100%] [32m[1mLinking CXX executable path_planner[0m
[3.750s] [100%] Built target path_planner
[3.763s] Invoked command in '/home/andrew/ros2_ws/src/waitforme/build/andy' returned '0': CMAKE_PREFIX_PATH=${CMAKE_PREFIX_PATH}:/home/andrew/ros2_ws/install/turtlebot3_teleop:/opt/ros/humble /usr/bin/cmake --build /home/andrew/ros2_ws/src/waitforme/build/andy -- -j12 -l12
[3.777s] Invoking command in '/home/andrew/ros2_ws/src/waitforme/build/andy': CMAKE_PREFIX_PATH=${CMAKE_PREFIX_PATH}:/home/andrew/ros2_ws/install/turtlebot3_teleop:/opt/ros/humble /usr/bin/cmake --install /home/andrew/ros2_ws/src/waitforme/build/andy
[3.787s] -- Install configuration: ""
[3.787s] -- Installing: /home/andrew/ros2_ws/src/waitforme/install/andy/lib/andy/path_planner
[3.789s] -- Set runtime path of "/home/andrew/ros2_ws/src/waitforme/install/andy/lib/andy/path_planner" to ""
[3.789s] -- Up-to-date: /home/andrew/ros2_ws/src/waitforme/install/andy/share/ament_index/resource_index/package_run_dependencies/andy
[3.789s] -- Up-to-date: /home/andrew/ros2_ws/src/waitforme/install/andy/share/ament_index/resource_index/parent_prefix_path/andy
[3.789s] -- Up-to-date: /home/andrew/ros2_ws/src/waitforme/install/andy/share/andy/environment/ament_prefix_path.sh
[3.789s] -- Up-to-date: /home/andrew/ros2_ws/src/waitforme/install/andy/share/andy/environment/ament_prefix_path.dsv
[3.789s] -- Up-to-date: /home/andrew/ros2_ws/src/waitforme/install/andy/share/andy/environment/path.sh
[3.790s] -- Up-to-date: /home/andrew/ros2_ws/src/waitforme/install/andy/share/andy/environment/path.dsv
[3.790s] -- Up-to-date: /home/andrew/ros2_ws/src/waitforme/install/andy/share/andy/local_setup.bash
[3.790s] -- Up-to-date: /home/andrew/ros2_ws/src/waitforme/install/andy/share/andy/local_setup.sh
[3.790s] -- Up-to-date: /home/andrew/ros2_ws/src/waitforme/install/andy/share/andy/local_setup.zsh
[3.790s] -- Up-to-date: /home/andrew/ros2_ws/src/waitforme/install/andy/share/andy/local_setup.dsv
[3.791s] -- Installing: /home/andrew/ros2_ws/src/waitforme/install/andy/share/andy/package.dsv
[3.791s] -- Up-to-date: /home/andrew/ros2_ws/src/waitforme/install/andy/share/ament_index/resource_index/packages/andy
[3.792s] -- Up-to-date: /home/andrew/ros2_ws/src/waitforme/install/andy/share/andy/cmake/andyConfig.cmake
[3.792s] -- Up-to-date: /home/andrew/ros2_ws/src/waitforme/install/andy/share/andy/cmake/andyConfig-version.cmake
[3.792s] -- Up-to-date: /home/andrew/ros2_ws/src/waitforme/install/andy/share/andy/package.xml
[3.792s] Invoked command in '/home/andrew/ros2_ws/src/waitforme/build/andy' returned '0': CMAKE_PREFIX_PATH=${CMAKE_PREFIX_PATH}:/home/andrew/ros2_ws/install/turtlebot3_teleop:/opt/ros/humble /usr/bin/cmake --install /home/andrew/ros2_ws/src/waitforme/build/andy
