[0.123s] DEBUG:colcon:Command line arguments: ['/usr/bin/colcon', 'build', '--symlink-install', '--packages-select', 'issy']
[0.123s] DEBUG:colcon:Parsed command line arguments: Namespace(log_base=None, log_level=None, verb_name='build', build_base='build', install_base='install', merge_install=False, symlink_install=True, test_result_base=None, continue_on_error=False, executor='parallel', parallel_workers=12, event_handlers=None, ignore_user_meta=False, metas=['./colcon.meta'], base_paths=['.'], packages_ignore=None, packages_ignore_regex=None, paths=None, packages_up_to=None, packages_up_to_regex=None, packages_above=None, packages_above_and_dependencies=None, packages_above_depth=None, packages_select_by_dep=None, packages_skip_by_dep=None, packages_skip_up_to=None, packages_select_build_failed=False, packages_skip_build_finished=False, packages_select_test_failures=False, packages_skip_test_passed=False, packages_select=['issy'], packages_skip=None, packages_select_regex=None, packages_skip_regex=None, packages_start=None, packages_end=None, allow_overriding=[], cmake_args=None, cmake_target=None, cmake_target_skip_unavailable=False, cmake_clean_cache=False, cmake_clean_first=False, cmake_force_configure=False, ament_cmake_args=None, catkin_cmake_args=None, catkin_skip_building_tests=False, mixin_files=None, mixin=None, verb_parser=<colcon_mixin.mixin.mixin_argument.MixinArgumentDecorator object at 0x72af70757880>, verb_extension=<colcon_core.verb.build.BuildVerb object at 0x72af708a47f0>, main=<bound method BuildVerb.main of <colcon_core.verb.build.BuildVerb object at 0x72af708a47f0>>, mixin_verb=('build',))
[0.323s] Level 1:colcon.colcon_core.package_discovery:discover_packages(colcon_meta) check parameters
[0.323s] Level 1:colcon.colcon_core.package_discovery:discover_packages(recursive) check parameters
[0.323s] Level 1:colcon.colcon_core.package_discovery:discover_packages(ignore) check parameters
[0.323s] Level 1:colcon.colcon_core.package_discovery:discover_packages(path) check parameters
[0.323s] Level 1:colcon.colcon_core.package_discovery:discover_packages(colcon_meta) discover
[0.323s] Level 1:colcon.colcon_core.package_discovery:discover_packages(recursive) discover
[0.323s] INFO:colcon.colcon_core.package_discovery:Crawling recursively for packages in '/home/issy/ros2_ws/src/waitforme'
[0.323s] Level 1:colcon.colcon_core.package_identification:_identify(.) by extensions ['ignore', 'ignore_ament_install']
[0.323s] Level 1:colcon.colcon_core.package_identification:_identify(.) by extension 'ignore'
[0.323s] Level 1:colcon.colcon_core.package_identification:_identify(.) by extension 'ignore_ament_install'
[0.323s] Level 1:colcon.colcon_core.package_identification:_identify(.) by extensions ['colcon_pkg']
[0.323s] Level 1:colcon.colcon_core.package_identification:_identify(.) by extension 'colcon_pkg'
[0.323s] Level 1:colcon.colcon_core.package_identification:_identify(.) by extensions ['colcon_meta']
[0.323s] Level 1:colcon.colcon_core.package_identification:_identify(.) by extension 'colcon_meta'
[0.323s] Level 1:colcon.colcon_core.package_identification:_identify(.) by extensions ['ros']
[0.324s] Level 1:colcon.colcon_core.package_identification:_identify(.) by extension 'ros'
[0.353s] Level 1:colcon.colcon_core.package_identification:_identify(.) by extensions ['cmake', 'python']
[0.353s] Level 1:colcon.colcon_core.package_identification:_identify(.) by extension 'cmake'
[0.353s] Level 1:colcon.colcon_core.package_identification:_identify(.) by extension 'python'
[0.353s] Level 1:colcon.colcon_core.package_identification:_identify(.) by extensions ['python_setup_py']
[0.353s] Level 1:colcon.colcon_core.package_identification:_identify(.) by extension 'python_setup_py'
[0.353s] Level 1:colcon.colcon_core.package_identification:_identify(Documents) by extensions ['ignore', 'ignore_ament_install']
[0.353s] Level 1:colcon.colcon_core.package_identification:_identify(Documents) by extension 'ignore'
[0.353s] Level 1:colcon.colcon_core.package_identification:_identify(Documents) by extension 'ignore_ament_install'
[0.353s] Level 1:colcon.colcon_core.package_identification:_identify(Documents) by extensions ['colcon_pkg']
[0.353s] Level 1:colcon.colcon_core.package_identification:_identify(Documents) by extension 'colcon_pkg'
[0.353s] Level 1:colcon.colcon_core.package_identification:_identify(Documents) by extensions ['colcon_meta']
[0.353s] Level 1:colcon.colcon_core.package_identification:_identify(Documents) by extension 'colcon_meta'
[0.354s] Level 1:colcon.colcon_core.package_identification:_identify(Documents) by extensions ['ros']
[0.354s] Level 1:colcon.colcon_core.package_identification:_identify(Documents) by extension 'ros'
[0.354s] Level 1:colcon.colcon_core.package_identification:_identify(Documents) by extensions ['cmake', 'python']
[0.354s] Level 1:colcon.colcon_core.package_identification:_identify(Documents) by extension 'cmake'
[0.354s] Level 1:colcon.colcon_core.package_identification:_identify(Documents) by extension 'python'
[0.354s] Level 1:colcon.colcon_core.package_identification:_identify(Documents) by extensions ['python_setup_py']
[0.354s] Level 1:colcon.colcon_core.package_identification:_identify(Documents) by extension 'python_setup_py'
[0.354s] Level 1:colcon.colcon_core.package_identification:_identify(Tom) by extensions ['ignore', 'ignore_ament_install']
[0.354s] Level 1:colcon.colcon_core.package_identification:_identify(Tom) by extension 'ignore'
[0.354s] Level 1:colcon.colcon_core.package_identification:_identify(Tom) by extension 'ignore_ament_install'
[0.354s] Level 1:colcon.colcon_core.package_identification:_identify(Tom) by extensions ['colcon_pkg']
[0.354s] Level 1:colcon.colcon_core.package_identification:_identify(Tom) by extension 'colcon_pkg'
[0.354s] Level 1:colcon.colcon_core.package_identification:_identify(Tom) by extensions ['colcon_meta']
[0.354s] Level 1:colcon.colcon_core.package_identification:_identify(Tom) by extension 'colcon_meta'
[0.354s] Level 1:colcon.colcon_core.package_identification:_identify(Tom) by extensions ['ros']
[0.354s] Level 1:colcon.colcon_core.package_identification:_identify(Tom) by extension 'ros'
[0.354s] Level 1:colcon.colcon_core.package_identification:_identify(Tom) by extensions ['cmake', 'python']
[0.354s] Level 1:colcon.colcon_core.package_identification:_identify(Tom) by extension 'cmake'
[0.354s] Level 1:colcon.colcon_core.package_identification:_identify(Tom) by extension 'python'
[0.354s] Level 1:colcon.colcon_core.package_identification:_identify(Tom) by extensions ['python_setup_py']
[0.354s] Level 1:colcon.colcon_core.package_identification:_identify(Tom) by extension 'python_setup_py'
[0.354s] Level 1:colcon.colcon_core.package_identification:_identify(andy) by extensions ['ignore', 'ignore_ament_install']
[0.354s] Level 1:colcon.colcon_core.package_identification:_identify(andy) by extension 'ignore'
[0.354s] Level 1:colcon.colcon_core.package_identification:_identify(andy) by extension 'ignore_ament_install'
[0.354s] Level 1:colcon.colcon_core.package_identification:_identify(andy) by extensions ['colcon_pkg']
[0.355s] Level 1:colcon.colcon_core.package_identification:_identify(andy) by extension 'colcon_pkg'
[0.355s] Level 1:colcon.colcon_core.package_identification:_identify(andy) by extensions ['colcon_meta']
[0.355s] Level 1:colcon.colcon_core.package_identification:_identify(andy) by extension 'colcon_meta'
[0.355s] Level 1:colcon.colcon_core.package_identification:_identify(andy) by extensions ['ros']
[0.355s] Level 1:colcon.colcon_core.package_identification:_identify(andy) by extension 'ros'
[0.357s] DEBUG:colcon.colcon_core.package_identification:Package 'andy' with type 'ros.ament_cmake' and name 'andy'
[0.357s] Level 1:colcon.colcon_core.package_identification:_identify(build) by extensions ['ignore', 'ignore_ament_install']
[0.357s] Level 1:colcon.colcon_core.package_identification:_identify(build) by extension 'ignore'
[0.358s] Level 1:colcon.colcon_core.package_identification:_identify(build) ignored
[0.358s] Level 1:colcon.colcon_core.package_identification:_identify(hallie) by extensions ['ignore', 'ignore_ament_install']
[0.358s] Level 1:colcon.colcon_core.package_identification:_identify(hallie) by extension 'ignore'
[0.358s] Level 1:colcon.colcon_core.package_identification:_identify(hallie) by extension 'ignore_ament_install'
[0.358s] Level 1:colcon.colcon_core.package_identification:_identify(hallie) by extensions ['colcon_pkg']
[0.358s] Level 1:colcon.colcon_core.package_identification:_identify(hallie) by extension 'colcon_pkg'
[0.358s] Level 1:colcon.colcon_core.package_identification:_identify(hallie) by extensions ['colcon_meta']
[0.358s] Level 1:colcon.colcon_core.package_identification:_identify(hallie) by extension 'colcon_meta'
[0.358s] Level 1:colcon.colcon_core.package_identification:_identify(hallie) by extensions ['ros']
[0.358s] Level 1:colcon.colcon_core.package_identification:_identify(hallie) by extension 'ros'
[0.359s] DEBUG:colcon.colcon_core.package_identification:Package 'hallie' with type 'ros.ament_cmake' and name 'hallie'
[0.359s] Level 1:colcon.colcon_core.package_identification:_identify(install) by extensions ['ignore', 'ignore_ament_install']
[0.359s] Level 1:colcon.colcon_core.package_identification:_identify(install) by extension 'ignore'
[0.359s] Level 1:colcon.colcon_core.package_identification:_identify(install) ignored
[0.359s] Level 1:colcon.colcon_core.package_identification:_identify(issy) by extensions ['ignore', 'ignore_ament_install']
[0.359s] Level 1:colcon.colcon_core.package_identification:_identify(issy) by extension 'ignore'
[0.359s] Level 1:colcon.colcon_core.package_identification:_identify(issy) by extension 'ignore_ament_install'
[0.359s] Level 1:colcon.colcon_core.package_identification:_identify(issy) by extensions ['colcon_pkg']
[0.359s] Level 1:colcon.colcon_core.package_identification:_identify(issy) by extension 'colcon_pkg'
[0.359s] Level 1:colcon.colcon_core.package_identification:_identify(issy) by extensions ['colcon_meta']
[0.359s] Level 1:colcon.colcon_core.package_identification:_identify(issy) by extension 'colcon_meta'
[0.359s] Level 1:colcon.colcon_core.package_identification:_identify(issy) by extensions ['ros']
[0.359s] Level 1:colcon.colcon_core.package_identification:_identify(issy) by extension 'ros'
[0.360s] DEBUG:colcon.colcon_core.package_identification:Package 'issy' with type 'ros.ament_cmake' and name 'issy'
[0.361s] Level 1:colcon.colcon_core.package_identification:_identify(log) by extensions ['ignore', 'ignore_ament_install']
[0.361s] Level 1:colcon.colcon_core.package_identification:_identify(log) by extension 'ignore'
[0.361s] Level 1:colcon.colcon_core.package_identification:_identify(log) ignored
[0.361s] Level 1:colcon.colcon_core.package_identification:_identify(logic) by extensions ['ignore', 'ignore_ament_install']
[0.361s] Level 1:colcon.colcon_core.package_identification:_identify(logic) by extension 'ignore'
[0.361s] Level 1:colcon.colcon_core.package_identification:_identify(logic) by extension 'ignore_ament_install'
[0.361s] Level 1:colcon.colcon_core.package_identification:_identify(logic) by extensions ['colcon_pkg']
[0.361s] Level 1:colcon.colcon_core.package_identification:_identify(logic) by extension 'colcon_pkg'
[0.361s] Level 1:colcon.colcon_core.package_identification:_identify(logic) by extensions ['colcon_meta']
[0.361s] Level 1:colcon.colcon_core.package_identification:_identify(logic) by extension 'colcon_meta'
[0.361s] Level 1:colcon.colcon_core.package_identification:_identify(logic) by extensions ['ros']
[0.361s] Level 1:colcon.colcon_core.package_identification:_identify(logic) by extension 'ros'
[0.362s] DEBUG:colcon.colcon_core.package_identification:Package 'logic' with type 'ros.ament_cmake' and name 'logic'
[0.362s] Level 1:colcon.colcon_core.package_discovery:discover_packages(recursive) using defaults
[0.362s] Level 1:colcon.colcon_core.package_discovery:discover_packages(ignore) discover
[0.362s] Level 1:colcon.colcon_core.package_discovery:discover_packages(ignore) using defaults
[0.362s] Level 1:colcon.colcon_core.package_discovery:discover_packages(path) discover
[0.362s] Level 1:colcon.colcon_core.package_discovery:discover_packages(path) using defaults
[0.386s] INFO:colcon.colcon_core.package_selection:Skipping not selected package 'andy' in 'andy'
[0.386s] INFO:colcon.colcon_core.package_selection:Skipping not selected package 'hallie' in 'hallie'
[0.386s] INFO:colcon.colcon_core.package_selection:Skipping not selected package 'logic' in 'logic'
[0.386s] Level 1:colcon.colcon_core.package_discovery:discover_packages(prefix_path) check parameters
[0.386s] Level 1:colcon.colcon_core.package_discovery:discover_packages(prefix_path) discover
[0.391s] DEBUG:colcon.colcon_installed_package_information.package_discovery:Found 45 installed packages in /home/issy/moveit_ws/install
[0.392s] DEBUG:colcon.colcon_installed_package_information.package_discovery:Found 19 installed packages in /home/issy/ros2_ws/install
[0.394s] DEBUG:colcon.colcon_installed_package_information.package_discovery:Found 415 installed packages in /opt/ros/humble
[0.397s] Level 1:colcon.colcon_core.package_discovery:discover_packages(prefix_path) using defaults
[0.456s] Level 5:colcon.colcon_core.verb:set package 'issy' build argument 'cmake_args' from command line to 'None'
[0.456s] Level 5:colcon.colcon_core.verb:set package 'issy' build argument 'cmake_target' from command line to 'None'
[0.456s] Level 5:colcon.colcon_core.verb:set package 'issy' build argument 'cmake_target_skip_unavailable' from command line to 'False'
[0.456s] Level 5:colcon.colcon_core.verb:set package 'issy' build argument 'cmake_clean_cache' from command line to 'False'
[0.456s] Level 5:colcon.colcon_core.verb:set package 'issy' build argument 'cmake_clean_first' from command line to 'False'
[0.456s] Level 5:colcon.colcon_core.verb:set package 'issy' build argument 'cmake_force_configure' from command line to 'False'
[0.457s] Level 5:colcon.colcon_core.verb:set package 'issy' build argument 'ament_cmake_args' from command line to 'None'
[0.457s] Level 5:colcon.colcon_core.verb:set package 'issy' build argument 'catkin_cmake_args' from command line to 'None'
[0.457s] Level 5:colcon.colcon_core.verb:set package 'issy' build argument 'catkin_skip_building_tests' from command line to 'False'
[0.457s] DEBUG:colcon.colcon_core.verb:Building package 'issy' with the following arguments: {'ament_cmake_args': None, 'build_base': '/home/issy/ros2_ws/src/waitforme/build/issy', 'catkin_cmake_args': None, 'catkin_skip_building_tests': False, 'cmake_args': None, 'cmake_clean_cache': False, 'cmake_clean_first': False, 'cmake_force_configure': False, 'cmake_target': None, 'cmake_target_skip_unavailable': False, 'install_base': '/home/issy/ros2_ws/src/waitforme/install/issy', 'merge_install': False, 'path': '/home/issy/ros2_ws/src/waitforme/issy', 'symlink_install': True, 'test_result_base': None}
[0.457s] INFO:colcon.colcon_core.executor:Executing jobs using 'parallel' executor
[0.458s] DEBUG:colcon.colcon_parallel_executor.executor.parallel:run_until_complete
[0.459s] INFO:colcon.colcon_ros.task.ament_cmake.build:Building ROS package in '/home/issy/ros2_ws/src/waitforme/issy' with build type 'ament_cmake'
[0.459s] INFO:colcon.colcon_cmake.task.cmake.build:Building CMake package in '/home/issy/ros2_ws/src/waitforme/issy'
[0.461s] INFO:colcon.colcon_core.plugin_system:Skipping extension 'colcon_core.shell.bat': Not used on non-Windows systems
[0.461s] INFO:colcon.colcon_core.shell:Skip shell extension 'powershell' for command environment: Not usable outside of PowerShell
[0.461s] DEBUG:colcon.colcon_core.shell:Skip shell extension 'dsv' for command environment
[0.481s] DEBUG:colcon.colcon_core.event_handler.log_command:Invoking command in '/home/issy/ros2_ws/src/waitforme/build/issy': CMAKE_PREFIX_PATH=/home/issy/ros2_ws/install/turtlebot3:/home/issy/ros2_ws/install/turtlebot3_simulations:/home/issy/ros2_ws/install/turtlebot3_bringup:/home/issy/ros2_ws/install/turtlebot3_node:/home/issy/ros2_ws/install/turtlebot3_navigation2:/home/issy/ros2_ws/install/turtlebot3_fake_node:/home/issy/ros2_ws/install/turtlebot3_msgs:/home/issy/ros2_ws/install/turtlebot3_gazebo:/home/issy/ros2_ws/install/turtlebot3_description:/home/issy/ros2_ws/install/turtlebot3_cartographer:/home/issy/ros2_ws/install/logic:/home/issy/ros2_ws/install/turtlebot3_teleop:/home/issy/ros2_ws/install/turtlebot3_example:/home/issy/moveit_ws/install/moveit_resources_pr2_description:/home/issy/moveit_ws/install/moveit_configs_utils:/opt/ros/humble:/home/issy/ros2_ws/install/issy:/home/issy/ros2_ws/install/dynamixel_sdk_examples:/home/issy/ros2_ws/install/dynamixel_sdk_custom_interfaces:/home/issy/ros2_ws/install/dynamixel_sdk:/home/issy/ros2_ws/install/andy:/home/issy/moveit_ws/install/pilz_industrial_motion_planner_testutils:/home/issy/moveit_ws/install/moveit_runtime:/home/issy/moveit_ws/install/moveit:/home/issy/moveit_ws/install/moveit_planners:/home/issy/moveit_ws/install/pilz_industrial_motion_planner:/home/issy/moveit_ws/install/moveit_ros_control_interface:/home/issy/moveit_ws/install/moveit_plugins:/home/issy/moveit_ws/install/moveit_simple_controller_manager:/home/issy/moveit_ws/install/moveit_setup_assistant:/home/issy/moveit_ws/install/moveit_setup_srdf_plugins:/home/issy/moveit_ws/install/moveit_setup_core_plugins:/home/issy/moveit_ws/install/moveit_setup_controllers:/home/issy/moveit_ws/install/moveit_setup_app_plugins:/home/issy/moveit_ws/install/moveit_setup_framework:/home/issy/moveit_ws/install/moveit_servo:/home/issy/moveit_ws/install/moveit_ros:/home/issy/moveit_ws/install/moveit_ros_visualization:/home/issy/moveit_ws/install/moveit_hybrid_planning:/home/issy/moveit_ws/install/moveit_ros_planning_interface:/home/issy/moveit_ws/install/moveit_ros_benchmarks:/home/issy/moveit_ws/install/moveit_ros_warehouse:/home/issy/moveit_ws/install/moveit_ros_robot_interaction:/home/issy/moveit_ws/install/moveit_ros_perception:/home/issy/moveit_ws/install/moveit_resources_prbt_pg70_support:/home/issy/moveit_ws/install/moveit_resources_prbt_moveit_config:/home/issy/moveit_ws/install/moveit_ros_move_group:/home/issy/moveit_ws/install/moveit_planners_ompl:/home/issy/moveit_ws/install/moveit_ros_planning:/home/issy/moveit_ws/install/moveit_ros_occupancy_map_monitor:/home/issy/moveit_ws/install/moveit_resources_prbt_support:/home/issy/moveit_ws/install/moveit_resources_prbt_ikfast_manipulator_plugin:/home/issy/moveit_ws/install/moveit_resources:/home/issy/moveit_ws/install/moveit_resources_panda_moveit_config:/home/issy/moveit_ws/install/moveit_resources_panda_description:/home/issy/moveit_ws/install/moveit_resources_fanuc_moveit_config:/home/issy/moveit_ws/install/moveit_resources_fanuc_description:/home/issy/moveit_ws/install/moveit_planners_chomp:/home/issy/moveit_ws/install/moveit_kinematics:/home/issy/moveit_ws/install/moveit_chomp_optimizer_adapter:/home/issy/moveit_ws/install/chomp_motion_planner:/home/issy/moveit_ws/install/moveit_core:/home/issy/moveit_ws/install/moveit_msgs:/home/issy/moveit_ws/install/moveit_common /usr/bin/cmake --build /home/issy/ros2_ws/src/waitforme/build/issy -- -j12 -l12
[11.436s] DEBUG:colcon.colcon_core.event_handler.log_command:Invoked command in '/home/issy/ros2_ws/src/waitforme/build/issy' returned '0': CMAKE_PREFIX_PATH=/home/issy/ros2_ws/install/turtlebot3:/home/issy/ros2_ws/install/turtlebot3_simulations:/home/issy/ros2_ws/install/turtlebot3_bringup:/home/issy/ros2_ws/install/turtlebot3_node:/home/issy/ros2_ws/install/turtlebot3_navigation2:/home/issy/ros2_ws/install/turtlebot3_fake_node:/home/issy/ros2_ws/install/turtlebot3_msgs:/home/issy/ros2_ws/install/turtlebot3_gazebo:/home/issy/ros2_ws/install/turtlebot3_description:/home/issy/ros2_ws/install/turtlebot3_cartographer:/home/issy/ros2_ws/install/logic:/home/issy/ros2_ws/install/turtlebot3_teleop:/home/issy/ros2_ws/install/turtlebot3_example:/home/issy/moveit_ws/install/moveit_resources_pr2_description:/home/issy/moveit_ws/install/moveit_configs_utils:/opt/ros/humble:/home/issy/ros2_ws/install/issy:/home/issy/ros2_ws/install/dynamixel_sdk_examples:/home/issy/ros2_ws/install/dynamixel_sdk_custom_interfaces:/home/issy/ros2_ws/install/dynamixel_sdk:/home/issy/ros2_ws/install/andy:/home/issy/moveit_ws/install/pilz_industrial_motion_planner_testutils:/home/issy/moveit_ws/install/moveit_runtime:/home/issy/moveit_ws/install/moveit:/home/issy/moveit_ws/install/moveit_planners:/home/issy/moveit_ws/install/pilz_industrial_motion_planner:/home/issy/moveit_ws/install/moveit_ros_control_interface:/home/issy/moveit_ws/install/moveit_plugins:/home/issy/moveit_ws/install/moveit_simple_controller_manager:/home/issy/moveit_ws/install/moveit_setup_assistant:/home/issy/moveit_ws/install/moveit_setup_srdf_plugins:/home/issy/moveit_ws/install/moveit_setup_core_plugins:/home/issy/moveit_ws/install/moveit_setup_controllers:/home/issy/moveit_ws/install/moveit_setup_app_plugins:/home/issy/moveit_ws/install/moveit_setup_framework:/home/issy/moveit_ws/install/moveit_servo:/home/issy/moveit_ws/install/moveit_ros:/home/issy/moveit_ws/install/moveit_ros_visualization:/home/issy/moveit_ws/install/moveit_hybrid_planning:/home/issy/moveit_ws/install/moveit_ros_planning_interface:/home/issy/moveit_ws/install/moveit_ros_benchmarks:/home/issy/moveit_ws/install/moveit_ros_warehouse:/home/issy/moveit_ws/install/moveit_ros_robot_interaction:/home/issy/moveit_ws/install/moveit_ros_perception:/home/issy/moveit_ws/install/moveit_resources_prbt_pg70_support:/home/issy/moveit_ws/install/moveit_resources_prbt_moveit_config:/home/issy/moveit_ws/install/moveit_ros_move_group:/home/issy/moveit_ws/install/moveit_planners_ompl:/home/issy/moveit_ws/install/moveit_ros_planning:/home/issy/moveit_ws/install/moveit_ros_occupancy_map_monitor:/home/issy/moveit_ws/install/moveit_resources_prbt_support:/home/issy/moveit_ws/install/moveit_resources_prbt_ikfast_manipulator_plugin:/home/issy/moveit_ws/install/moveit_resources:/home/issy/moveit_ws/install/moveit_resources_panda_moveit_config:/home/issy/moveit_ws/install/moveit_resources_panda_description:/home/issy/moveit_ws/install/moveit_resources_fanuc_moveit_config:/home/issy/moveit_ws/install/moveit_resources_fanuc_description:/home/issy/moveit_ws/install/moveit_planners_chomp:/home/issy/moveit_ws/install/moveit_kinematics:/home/issy/moveit_ws/install/moveit_chomp_optimizer_adapter:/home/issy/moveit_ws/install/chomp_motion_planner:/home/issy/moveit_ws/install/moveit_core:/home/issy/moveit_ws/install/moveit_msgs:/home/issy/moveit_ws/install/moveit_common /usr/bin/cmake --build /home/issy/ros2_ws/src/waitforme/build/issy -- -j12 -l12
[11.455s] DEBUG:colcon.colcon_core.event_handler.log_command:Invoking command in '/home/issy/ros2_ws/src/waitforme/build/issy': CMAKE_PREFIX_PATH=/home/issy/ros2_ws/install/turtlebot3:/home/issy/ros2_ws/install/turtlebot3_simulations:/home/issy/ros2_ws/install/turtlebot3_bringup:/home/issy/ros2_ws/install/turtlebot3_node:/home/issy/ros2_ws/install/turtlebot3_navigation2:/home/issy/ros2_ws/install/turtlebot3_fake_node:/home/issy/ros2_ws/install/turtlebot3_msgs:/home/issy/ros2_ws/install/turtlebot3_gazebo:/home/issy/ros2_ws/install/turtlebot3_description:/home/issy/ros2_ws/install/turtlebot3_cartographer:/home/issy/ros2_ws/install/logic:/home/issy/ros2_ws/install/turtlebot3_teleop:/home/issy/ros2_ws/install/turtlebot3_example:/home/issy/moveit_ws/install/moveit_resources_pr2_description:/home/issy/moveit_ws/install/moveit_configs_utils:/opt/ros/humble:/home/issy/ros2_ws/install/issy:/home/issy/ros2_ws/install/dynamixel_sdk_examples:/home/issy/ros2_ws/install/dynamixel_sdk_custom_interfaces:/home/issy/ros2_ws/install/dynamixel_sdk:/home/issy/ros2_ws/install/andy:/home/issy/moveit_ws/install/pilz_industrial_motion_planner_testutils:/home/issy/moveit_ws/install/moveit_runtime:/home/issy/moveit_ws/install/moveit:/home/issy/moveit_ws/install/moveit_planners:/home/issy/moveit_ws/install/pilz_industrial_motion_planner:/home/issy/moveit_ws/install/moveit_ros_control_interface:/home/issy/moveit_ws/install/moveit_plugins:/home/issy/moveit_ws/install/moveit_simple_controller_manager:/home/issy/moveit_ws/install/moveit_setup_assistant:/home/issy/moveit_ws/install/moveit_setup_srdf_plugins:/home/issy/moveit_ws/install/moveit_setup_core_plugins:/home/issy/moveit_ws/install/moveit_setup_controllers:/home/issy/moveit_ws/install/moveit_setup_app_plugins:/home/issy/moveit_ws/install/moveit_setup_framework:/home/issy/moveit_ws/install/moveit_servo:/home/issy/moveit_ws/install/moveit_ros:/home/issy/moveit_ws/install/moveit_ros_visualization:/home/issy/moveit_ws/install/moveit_hybrid_planning:/home/issy/moveit_ws/install/moveit_ros_planning_interface:/home/issy/moveit_ws/install/moveit_ros_benchmarks:/home/issy/moveit_ws/install/moveit_ros_warehouse:/home/issy/moveit_ws/install/moveit_ros_robot_interaction:/home/issy/moveit_ws/install/moveit_ros_perception:/home/issy/moveit_ws/install/moveit_resources_prbt_pg70_support:/home/issy/moveit_ws/install/moveit_resources_prbt_moveit_config:/home/issy/moveit_ws/install/moveit_ros_move_group:/home/issy/moveit_ws/install/moveit_planners_ompl:/home/issy/moveit_ws/install/moveit_ros_planning:/home/issy/moveit_ws/install/moveit_ros_occupancy_map_monitor:/home/issy/moveit_ws/install/moveit_resources_prbt_support:/home/issy/moveit_ws/install/moveit_resources_prbt_ikfast_manipulator_plugin:/home/issy/moveit_ws/install/moveit_resources:/home/issy/moveit_ws/install/moveit_resources_panda_moveit_config:/home/issy/moveit_ws/install/moveit_resources_panda_description:/home/issy/moveit_ws/install/moveit_resources_fanuc_moveit_config:/home/issy/moveit_ws/install/moveit_resources_fanuc_description:/home/issy/moveit_ws/install/moveit_planners_chomp:/home/issy/moveit_ws/install/moveit_kinematics:/home/issy/moveit_ws/install/moveit_chomp_optimizer_adapter:/home/issy/moveit_ws/install/chomp_motion_planner:/home/issy/moveit_ws/install/moveit_core:/home/issy/moveit_ws/install/moveit_msgs:/home/issy/moveit_ws/install/moveit_common /usr/bin/cmake --install /home/issy/ros2_ws/src/waitforme/build/issy
[11.499s] Level 1:colcon.colcon_core.environment:create_environment_scripts_only(issy)
[11.499s] DEBUG:colcon.colcon_core.event_handler.log_command:Invoked command in '/home/issy/ros2_ws/src/waitforme/build/issy' returned '0': CMAKE_PREFIX_PATH=/home/issy/ros2_ws/install/turtlebot3:/home/issy/ros2_ws/install/turtlebot3_simulations:/home/issy/ros2_ws/install/turtlebot3_bringup:/home/issy/ros2_ws/install/turtlebot3_node:/home/issy/ros2_ws/install/turtlebot3_navigation2:/home/issy/ros2_ws/install/turtlebot3_fake_node:/home/issy/ros2_ws/install/turtlebot3_msgs:/home/issy/ros2_ws/install/turtlebot3_gazebo:/home/issy/ros2_ws/install/turtlebot3_description:/home/issy/ros2_ws/install/turtlebot3_cartographer:/home/issy/ros2_ws/install/logic:/home/issy/ros2_ws/install/turtlebot3_teleop:/home/issy/ros2_ws/install/turtlebot3_example:/home/issy/moveit_ws/install/moveit_resources_pr2_description:/home/issy/moveit_ws/install/moveit_configs_utils:/opt/ros/humble:/home/issy/ros2_ws/install/issy:/home/issy/ros2_ws/install/dynamixel_sdk_examples:/home/issy/ros2_ws/install/dynamixel_sdk_custom_interfaces:/home/issy/ros2_ws/install/dynamixel_sdk:/home/issy/ros2_ws/install/andy:/home/issy/moveit_ws/install/pilz_industrial_motion_planner_testutils:/home/issy/moveit_ws/install/moveit_runtime:/home/issy/moveit_ws/install/moveit:/home/issy/moveit_ws/install/moveit_planners:/home/issy/moveit_ws/install/pilz_industrial_motion_planner:/home/issy/moveit_ws/install/moveit_ros_control_interface:/home/issy/moveit_ws/install/moveit_plugins:/home/issy/moveit_ws/install/moveit_simple_controller_manager:/home/issy/moveit_ws/install/moveit_setup_assistant:/home/issy/moveit_ws/install/moveit_setup_srdf_plugins:/home/issy/moveit_ws/install/moveit_setup_core_plugins:/home/issy/moveit_ws/install/moveit_setup_controllers:/home/issy/moveit_ws/install/moveit_setup_app_plugins:/home/issy/moveit_ws/install/moveit_setup_framework:/home/issy/moveit_ws/install/moveit_servo:/home/issy/moveit_ws/install/moveit_ros:/home/issy/moveit_ws/install/moveit_ros_visualization:/home/issy/moveit_ws/install/moveit_hybrid_planning:/home/issy/moveit_ws/install/moveit_ros_planning_interface:/home/issy/moveit_ws/install/moveit_ros_benchmarks:/home/issy/moveit_ws/install/moveit_ros_warehouse:/home/issy/moveit_ws/install/moveit_ros_robot_interaction:/home/issy/moveit_ws/install/moveit_ros_perception:/home/issy/moveit_ws/install/moveit_resources_prbt_pg70_support:/home/issy/moveit_ws/install/moveit_resources_prbt_moveit_config:/home/issy/moveit_ws/install/moveit_ros_move_group:/home/issy/moveit_ws/install/moveit_planners_ompl:/home/issy/moveit_ws/install/moveit_ros_planning:/home/issy/moveit_ws/install/moveit_ros_occupancy_map_monitor:/home/issy/moveit_ws/install/moveit_resources_prbt_support:/home/issy/moveit_ws/install/moveit_resources_prbt_ikfast_manipulator_plugin:/home/issy/moveit_ws/install/moveit_resources:/home/issy/moveit_ws/install/moveit_resources_panda_moveit_config:/home/issy/moveit_ws/install/moveit_resources_panda_description:/home/issy/moveit_ws/install/moveit_resources_fanuc_moveit_config:/home/issy/moveit_ws/install/moveit_resources_fanuc_description:/home/issy/moveit_ws/install/moveit_planners_chomp:/home/issy/moveit_ws/install/moveit_kinematics:/home/issy/moveit_ws/install/moveit_chomp_optimizer_adapter:/home/issy/moveit_ws/install/chomp_motion_planner:/home/issy/moveit_ws/install/moveit_core:/home/issy/moveit_ws/install/moveit_msgs:/home/issy/moveit_ws/install/moveit_common /usr/bin/cmake --install /home/issy/ros2_ws/src/waitforme/build/issy
[11.501s] Level 1:colcon.colcon_core.environment:checking '/home/issy/ros2_ws/src/waitforme/install/issy' for CMake module files
[11.502s] Level 1:colcon.colcon_core.environment:checking '/home/issy/ros2_ws/src/waitforme/install/issy' for CMake config files
[11.502s] Level 1:colcon.colcon_core.shell:create_environment_hook('issy', 'cmake_prefix_path')
[11.502s] INFO:colcon.colcon_core.shell:Creating environment hook '/home/issy/ros2_ws/src/waitforme/install/issy/share/issy/hook/cmake_prefix_path.ps1'
[11.503s] INFO:colcon.colcon_core.shell:Creating environment descriptor '/home/issy/ros2_ws/src/waitforme/install/issy/share/issy/hook/cmake_prefix_path.dsv'
[11.504s] INFO:colcon.colcon_core.shell:Creating environment hook '/home/issy/ros2_ws/src/waitforme/install/issy/share/issy/hook/cmake_prefix_path.sh'
[11.505s] Level 1:colcon.colcon_core.environment:checking '/home/issy/ros2_ws/src/waitforme/install/issy/lib'
[11.505s] Level 1:colcon.colcon_core.environment:checking '/home/issy/ros2_ws/src/waitforme/install/issy/bin'
[11.505s] Level 1:colcon.colcon_core.environment:checking '/home/issy/ros2_ws/src/waitforme/install/issy/lib/pkgconfig/issy.pc'
[11.505s] Level 1:colcon.colcon_core.environment:checking '/home/issy/ros2_ws/src/waitforme/install/issy/lib/python3.10/site-packages'
[11.505s] Level 1:colcon.colcon_core.environment:checking '/home/issy/ros2_ws/src/waitforme/install/issy/bin'
[11.505s] INFO:colcon.colcon_core.shell:Creating package script '/home/issy/ros2_ws/src/waitforme/install/issy/share/issy/package.ps1'
[11.506s] INFO:colcon.colcon_core.shell:Creating package descriptor '/home/issy/ros2_ws/src/waitforme/install/issy/share/issy/package.dsv'
[11.507s] INFO:colcon.colcon_core.shell:Creating package script '/home/issy/ros2_ws/src/waitforme/install/issy/share/issy/package.sh'
[11.508s] INFO:colcon.colcon_core.shell:Creating package script '/home/issy/ros2_ws/src/waitforme/install/issy/share/issy/package.bash'
[11.508s] INFO:colcon.colcon_core.shell:Creating package script '/home/issy/ros2_ws/src/waitforme/install/issy/share/issy/package.zsh'
[11.509s] Level 1:colcon.colcon_core.environment:create_file_with_runtime_dependencies(/home/issy/ros2_ws/src/waitforme/install/issy/share/colcon-core/packages/issy)
[11.510s] Level 1:colcon.colcon_core.environment:create_environment_scripts_only(issy)
[11.510s] Level 1:colcon.colcon_core.environment:checking '/home/issy/ros2_ws/src/waitforme/install/issy' for CMake module files
[11.510s] Level 1:colcon.colcon_core.environment:checking '/home/issy/ros2_ws/src/waitforme/install/issy' for CMake config files
[11.511s] Level 1:colcon.colcon_core.shell:create_environment_hook('issy', 'cmake_prefix_path')
[11.511s] INFO:colcon.colcon_core.shell:Creating environment hook '/home/issy/ros2_ws/src/waitforme/install/issy/share/issy/hook/cmake_prefix_path.ps1'
[11.511s] INFO:colcon.colcon_core.shell:Creating environment descriptor '/home/issy/ros2_ws/src/waitforme/install/issy/share/issy/hook/cmake_prefix_path.dsv'
[11.512s] INFO:colcon.colcon_core.shell:Creating environment hook '/home/issy/ros2_ws/src/waitforme/install/issy/share/issy/hook/cmake_prefix_path.sh'
[11.512s] Level 1:colcon.colcon_core.environment:checking '/home/issy/ros2_ws/src/waitforme/install/issy/lib'
[11.512s] Level 1:colcon.colcon_core.environment:checking '/home/issy/ros2_ws/src/waitforme/install/issy/bin'
[11.512s] Level 1:colcon.colcon_core.environment:checking '/home/issy/ros2_ws/src/waitforme/install/issy/lib/pkgconfig/issy.pc'
[11.513s] Level 1:colcon.colcon_core.environment:checking '/home/issy/ros2_ws/src/waitforme/install/issy/lib/python3.10/site-packages'
[11.513s] Level 1:colcon.colcon_core.environment:checking '/home/issy/ros2_ws/src/waitforme/install/issy/bin'
[11.513s] INFO:colcon.colcon_core.shell:Creating package script '/home/issy/ros2_ws/src/waitforme/install/issy/share/issy/package.ps1'
[11.513s] INFO:colcon.colcon_core.shell:Creating package descriptor '/home/issy/ros2_ws/src/waitforme/install/issy/share/issy/package.dsv'
[11.514s] INFO:colcon.colcon_core.shell:Creating package script '/home/issy/ros2_ws/src/waitforme/install/issy/share/issy/package.sh'
[11.514s] INFO:colcon.colcon_core.shell:Creating package script '/home/issy/ros2_ws/src/waitforme/install/issy/share/issy/package.bash'
[11.515s] INFO:colcon.colcon_core.shell:Creating package script '/home/issy/ros2_ws/src/waitforme/install/issy/share/issy/package.zsh'
[11.515s] Level 1:colcon.colcon_core.environment:create_file_with_runtime_dependencies(/home/issy/ros2_ws/src/waitforme/install/issy/share/colcon-core/packages/issy)
[11.515s] DEBUG:colcon.colcon_parallel_executor.executor.parallel:closing loop
[11.516s] DEBUG:colcon.colcon_parallel_executor.executor.parallel:loop closed
[11.516s] DEBUG:colcon.colcon_parallel_executor.executor.parallel:run_until_complete finished with '0'
[11.516s] DEBUG:colcon.colcon_core.event_reactor:joining thread
[11.522s] INFO:colcon.colcon_core.plugin_system:Skipping extension 'colcon_notification.desktop_notification.terminal_notifier': Not used on non-Darwin systems
[11.522s] INFO:colcon.colcon_core.plugin_system:Skipping extension 'colcon_notification.desktop_notification.win32': Not used on non-Windows systems
[11.522s] INFO:colcon.colcon_notification.desktop_notification:Sending desktop notification using 'notify2'
[11.534s] DEBUG:colcon.colcon_core.event_reactor:joined thread
[11.535s] INFO:colcon.colcon_core.shell:Creating prefix script '/home/issy/ros2_ws/src/waitforme/install/local_setup.ps1'
[11.536s] INFO:colcon.colcon_core.shell:Creating prefix util module '/home/issy/ros2_ws/src/waitforme/install/_local_setup_util_ps1.py'
[11.537s] INFO:colcon.colcon_core.shell:Creating prefix chain script '/home/issy/ros2_ws/src/waitforme/install/setup.ps1'
[11.541s] INFO:colcon.colcon_core.shell:Creating prefix script '/home/issy/ros2_ws/src/waitforme/install/local_setup.sh'
[11.542s] INFO:colcon.colcon_core.shell:Creating prefix util module '/home/issy/ros2_ws/src/waitforme/install/_local_setup_util_sh.py'
[11.542s] INFO:colcon.colcon_core.shell:Creating prefix chain script '/home/issy/ros2_ws/src/waitforme/install/setup.sh'
[11.546s] INFO:colcon.colcon_core.shell:Creating prefix script '/home/issy/ros2_ws/src/waitforme/install/local_setup.bash'
[11.546s] INFO:colcon.colcon_core.shell:Creating prefix chain script '/home/issy/ros2_ws/src/waitforme/install/setup.bash'
[11.550s] INFO:colcon.colcon_core.shell:Creating prefix script '/home/issy/ros2_ws/src/waitforme/install/local_setup.zsh'
[11.550s] INFO:colcon.colcon_core.shell:Creating prefix chain script '/home/issy/ros2_ws/src/waitforme/install/setup.zsh'
