[0.118s] DEBUG:colcon:Command line arguments: ['/usr/bin/colcon', 'build', '--symlink-install', '--packages-select', 'issy']
[0.118s] DEBUG:colcon:Parsed command line arguments: Namespace(log_base=None, log_level=None, verb_name='build', build_base='build', install_base='install', merge_install=False, symlink_install=True, test_result_base=None, continue_on_error=False, executor='parallel', parallel_workers=12, event_handlers=None, ignore_user_meta=False, metas=['./colcon.meta'], base_paths=['.'], packages_ignore=None, packages_ignore_regex=None, paths=None, packages_up_to=None, packages_up_to_regex=None, packages_above=None, packages_above_and_dependencies=None, packages_above_depth=None, packages_select_by_dep=None, packages_skip_by_dep=None, packages_skip_up_to=None, packages_select_build_failed=False, packages_skip_build_finished=False, packages_select_test_failures=False, packages_skip_test_passed=False, packages_select=['issy'], packages_skip=None, packages_select_regex=None, packages_skip_regex=None, packages_start=None, packages_end=None, allow_overriding=[], cmake_args=None, cmake_target=None, cmake_target_skip_unavailable=False, cmake_clean_cache=False, cmake_clean_first=False, cmake_force_configure=False, ament_cmake_args=None, catkin_cmake_args=None, catkin_skip_building_tests=False, mixin_files=None, mixin=None, verb_parser=<colcon_mixin.mixin.mixin_argument.MixinArgumentDecorator object at 0x7843708c3880>, verb_extension=<colcon_core.verb.build.BuildVerb object at 0x784370a987f0>, main=<bound method BuildVerb.main of <colcon_core.verb.build.BuildVerb object at 0x784370a987f0>>, mixin_verb=('build',))
[0.305s] Level 1:colcon.colcon_core.package_discovery:discover_packages(colcon_meta) check parameters
[0.305s] Level 1:colcon.colcon_core.package_discovery:discover_packages(recursive) check parameters
[0.305s] Level 1:colcon.colcon_core.package_discovery:discover_packages(ignore) check parameters
[0.305s] Level 1:colcon.colcon_core.package_discovery:discover_packages(path) check parameters
[0.305s] Level 1:colcon.colcon_core.package_discovery:discover_packages(colcon_meta) discover
[0.305s] Level 1:colcon.colcon_core.package_discovery:discover_packages(recursive) discover
[0.305s] INFO:colcon.colcon_core.package_discovery:Crawling recursively for packages in '/home/issy/ros2_ws/src/waitforme'
[0.305s] Level 1:colcon.colcon_core.package_identification:_identify(.) by extensions ['ignore', 'ignore_ament_install']
[0.305s] Level 1:colcon.colcon_core.package_identification:_identify(.) by extension 'ignore'
[0.305s] Level 1:colcon.colcon_core.package_identification:_identify(.) by extension 'ignore_ament_install'
[0.305s] Level 1:colcon.colcon_core.package_identification:_identify(.) by extensions ['colcon_pkg']
[0.305s] Level 1:colcon.colcon_core.package_identification:_identify(.) by extension 'colcon_pkg'
[0.305s] Level 1:colcon.colcon_core.package_identification:_identify(.) by extensions ['colcon_meta']
[0.305s] Level 1:colcon.colcon_core.package_identification:_identify(.) by extension 'colcon_meta'
[0.305s] Level 1:colcon.colcon_core.package_identification:_identify(.) by extensions ['ros']
[0.306s] Level 1:colcon.colcon_core.package_identification:_identify(.) by extension 'ros'
[0.334s] Level 1:colcon.colcon_core.package_identification:_identify(.) by extensions ['cmake', 'python']
[0.334s] Level 1:colcon.colcon_core.package_identification:_identify(.) by extension 'cmake'
[0.334s] Level 1:colcon.colcon_core.package_identification:_identify(.) by extension 'python'
[0.334s] Level 1:colcon.colcon_core.package_identification:_identify(.) by extensions ['python_setup_py']
[0.334s] Level 1:colcon.colcon_core.package_identification:_identify(.) by extension 'python_setup_py'
[0.334s] Level 1:colcon.colcon_core.package_identification:_identify(Documents) by extensions ['ignore', 'ignore_ament_install']
[0.334s] Level 1:colcon.colcon_core.package_identification:_identify(Documents) by extension 'ignore'
[0.334s] Level 1:colcon.colcon_core.package_identification:_identify(Documents) by extension 'ignore_ament_install'
[0.334s] Level 1:colcon.colcon_core.package_identification:_identify(Documents) by extensions ['colcon_pkg']
[0.334s] Level 1:colcon.colcon_core.package_identification:_identify(Documents) by extension 'colcon_pkg'
[0.334s] Level 1:colcon.colcon_core.package_identification:_identify(Documents) by extensions ['colcon_meta']
[0.334s] Level 1:colcon.colcon_core.package_identification:_identify(Documents) by extension 'colcon_meta'
[0.334s] Level 1:colcon.colcon_core.package_identification:_identify(Documents) by extensions ['ros']
[0.334s] Level 1:colcon.colcon_core.package_identification:_identify(Documents) by extension 'ros'
[0.335s] Level 1:colcon.colcon_core.package_identification:_identify(Documents) by extensions ['cmake', 'python']
[0.335s] Level 1:colcon.colcon_core.package_identification:_identify(Documents) by extension 'cmake'
[0.335s] Level 1:colcon.colcon_core.package_identification:_identify(Documents) by extension 'python'
[0.335s] Level 1:colcon.colcon_core.package_identification:_identify(Documents) by extensions ['python_setup_py']
[0.335s] Level 1:colcon.colcon_core.package_identification:_identify(Documents) by extension 'python_setup_py'
[0.335s] Level 1:colcon.colcon_core.package_identification:_identify(Tom) by extensions ['ignore', 'ignore_ament_install']
[0.335s] Level 1:colcon.colcon_core.package_identification:_identify(Tom) by extension 'ignore'
[0.335s] Level 1:colcon.colcon_core.package_identification:_identify(Tom) by extension 'ignore_ament_install'
[0.335s] Level 1:colcon.colcon_core.package_identification:_identify(Tom) by extensions ['colcon_pkg']
[0.335s] Level 1:colcon.colcon_core.package_identification:_identify(Tom) by extension 'colcon_pkg'
[0.335s] Level 1:colcon.colcon_core.package_identification:_identify(Tom) by extensions ['colcon_meta']
[0.335s] Level 1:colcon.colcon_core.package_identification:_identify(Tom) by extension 'colcon_meta'
[0.335s] Level 1:colcon.colcon_core.package_identification:_identify(Tom) by extensions ['ros']
[0.335s] Level 1:colcon.colcon_core.package_identification:_identify(Tom) by extension 'ros'
[0.335s] Level 1:colcon.colcon_core.package_identification:_identify(Tom) by extensions ['cmake', 'python']
[0.335s] Level 1:colcon.colcon_core.package_identification:_identify(Tom) by extension 'cmake'
[0.335s] Level 1:colcon.colcon_core.package_identification:_identify(Tom) by extension 'python'
[0.335s] Level 1:colcon.colcon_core.package_identification:_identify(Tom) by extensions ['python_setup_py']
[0.335s] Level 1:colcon.colcon_core.package_identification:_identify(Tom) by extension 'python_setup_py'
[0.335s] Level 1:colcon.colcon_core.package_identification:_identify(andy) by extensions ['ignore', 'ignore_ament_install']
[0.335s] Level 1:colcon.colcon_core.package_identification:_identify(andy) by extension 'ignore'
[0.335s] Level 1:colcon.colcon_core.package_identification:_identify(andy) by extension 'ignore_ament_install'
[0.335s] Level 1:colcon.colcon_core.package_identification:_identify(andy) by extensions ['colcon_pkg']
[0.335s] Level 1:colcon.colcon_core.package_identification:_identify(andy) by extension 'colcon_pkg'
[0.336s] Level 1:colcon.colcon_core.package_identification:_identify(andy) by extensions ['colcon_meta']
[0.336s] Level 1:colcon.colcon_core.package_identification:_identify(andy) by extension 'colcon_meta'
[0.336s] Level 1:colcon.colcon_core.package_identification:_identify(andy) by extensions ['ros']
[0.336s] Level 1:colcon.colcon_core.package_identification:_identify(andy) by extension 'ros'
[0.338s] DEBUG:colcon.colcon_core.package_identification:Package 'andy' with type 'ros.ament_cmake' and name 'andy'
[0.338s] Level 1:colcon.colcon_core.package_identification:_identify(build) by extensions ['ignore', 'ignore_ament_install']
[0.338s] Level 1:colcon.colcon_core.package_identification:_identify(build) by extension 'ignore'
[0.338s] Level 1:colcon.colcon_core.package_identification:_identify(build) ignored
[0.338s] Level 1:colcon.colcon_core.package_identification:_identify(hallie) by extensions ['ignore', 'ignore_ament_install']
[0.338s] Level 1:colcon.colcon_core.package_identification:_identify(hallie) by extension 'ignore'
[0.338s] Level 1:colcon.colcon_core.package_identification:_identify(hallie) by extension 'ignore_ament_install'
[0.338s] Level 1:colcon.colcon_core.package_identification:_identify(hallie) by extensions ['colcon_pkg']
[0.338s] Level 1:colcon.colcon_core.package_identification:_identify(hallie) by extension 'colcon_pkg'
[0.338s] Level 1:colcon.colcon_core.package_identification:_identify(hallie) by extensions ['colcon_meta']
[0.339s] Level 1:colcon.colcon_core.package_identification:_identify(hallie) by extension 'colcon_meta'
[0.339s] Level 1:colcon.colcon_core.package_identification:_identify(hallie) by extensions ['ros']
[0.339s] Level 1:colcon.colcon_core.package_identification:_identify(hallie) by extension 'ros'
[0.340s] DEBUG:colcon.colcon_core.package_identification:Package 'hallie' with type 'ros.ament_cmake' and name 'hallie'
[0.340s] Level 1:colcon.colcon_core.package_identification:_identify(install) by extensions ['ignore', 'ignore_ament_install']
[0.340s] Level 1:colcon.colcon_core.package_identification:_identify(install) by extension 'ignore'
[0.340s] Level 1:colcon.colcon_core.package_identification:_identify(install) ignored
[0.340s] Level 1:colcon.colcon_core.package_identification:_identify(issy) by extensions ['ignore', 'ignore_ament_install']
[0.340s] Level 1:colcon.colcon_core.package_identification:_identify(issy) by extension 'ignore'
[0.341s] Level 1:colcon.colcon_core.package_identification:_identify(issy) by extension 'ignore_ament_install'
[0.341s] Level 1:colcon.colcon_core.package_identification:_identify(issy) by extensions ['colcon_pkg']
[0.341s] Level 1:colcon.colcon_core.package_identification:_identify(issy) by extension 'colcon_pkg'
[0.341s] Level 1:colcon.colcon_core.package_identification:_identify(issy) by extensions ['colcon_meta']
[0.341s] Level 1:colcon.colcon_core.package_identification:_identify(issy) by extension 'colcon_meta'
[0.341s] Level 1:colcon.colcon_core.package_identification:_identify(issy) by extensions ['ros']
[0.341s] Level 1:colcon.colcon_core.package_identification:_identify(issy) by extension 'ros'
[0.342s] DEBUG:colcon.colcon_core.package_identification:Package 'issy' with type 'ros.ament_cmake' and name 'issy'
[0.342s] Level 1:colcon.colcon_core.package_identification:_identify(log) by extensions ['ignore', 'ignore_ament_install']
[0.342s] Level 1:colcon.colcon_core.package_identification:_identify(log) by extension 'ignore'
[0.342s] Level 1:colcon.colcon_core.package_identification:_identify(log) ignored
[0.342s] Level 1:colcon.colcon_core.package_identification:_identify(logic) by extensions ['ignore', 'ignore_ament_install']
[0.342s] Level 1:colcon.colcon_core.package_identification:_identify(logic) by extension 'ignore'
[0.342s] Level 1:colcon.colcon_core.package_identification:_identify(logic) by extension 'ignore_ament_install'
[0.342s] Level 1:colcon.colcon_core.package_identification:_identify(logic) by extensions ['colcon_pkg']
[0.342s] Level 1:colcon.colcon_core.package_identification:_identify(logic) by extension 'colcon_pkg'
[0.342s] Level 1:colcon.colcon_core.package_identification:_identify(logic) by extensions ['colcon_meta']
[0.342s] Level 1:colcon.colcon_core.package_identification:_identify(logic) by extension 'colcon_meta'
[0.343s] Level 1:colcon.colcon_core.package_identification:_identify(logic) by extensions ['ros']
[0.343s] Level 1:colcon.colcon_core.package_identification:_identify(logic) by extension 'ros'
[0.343s] DEBUG:colcon.colcon_core.package_identification:Package 'logic' with type 'ros.ament_cmake' and name 'logic'
[0.343s] Level 1:colcon.colcon_core.package_discovery:discover_packages(recursive) using defaults
[0.344s] Level 1:colcon.colcon_core.package_discovery:discover_packages(ignore) discover
[0.344s] Level 1:colcon.colcon_core.package_discovery:discover_packages(ignore) using defaults
[0.344s] Level 1:colcon.colcon_core.package_discovery:discover_packages(path) discover
[0.344s] Level 1:colcon.colcon_core.package_discovery:discover_packages(path) using defaults
[0.364s] INFO:colcon.colcon_core.package_selection:Skipping not selected package 'andy' in 'andy'
[0.364s] INFO:colcon.colcon_core.package_selection:Skipping not selected package 'hallie' in 'hallie'
[0.364s] INFO:colcon.colcon_core.package_selection:Skipping not selected package 'logic' in 'logic'
[0.365s] Level 1:colcon.colcon_core.package_discovery:discover_packages(prefix_path) check parameters
[0.365s] Level 1:colcon.colcon_core.package_discovery:discover_packages(prefix_path) discover
[0.370s] DEBUG:colcon.colcon_installed_package_information.package_discovery:Found 45 installed packages in /home/issy/moveit_ws/install
[0.371s] DEBUG:colcon.colcon_installed_package_information.package_discovery:Found 19 installed packages in /home/issy/ros2_ws/install
[0.373s] DEBUG:colcon.colcon_installed_package_information.package_discovery:Found 415 installed packages in /opt/ros/humble
[0.376s] Level 1:colcon.colcon_core.package_discovery:discover_packages(prefix_path) using defaults
[0.427s] Level 5:colcon.colcon_core.verb:set package 'issy' build argument 'cmake_args' from command line to 'None'
[0.427s] Level 5:colcon.colcon_core.verb:set package 'issy' build argument 'cmake_target' from command line to 'None'
[0.427s] Level 5:colcon.colcon_core.verb:set package 'issy' build argument 'cmake_target_skip_unavailable' from command line to 'False'
[0.427s] Level 5:colcon.colcon_core.verb:set package 'issy' build argument 'cmake_clean_cache' from command line to 'False'
[0.427s] Level 5:colcon.colcon_core.verb:set package 'issy' build argument 'cmake_clean_first' from command line to 'False'
[0.427s] Level 5:colcon.colcon_core.verb:set package 'issy' build argument 'cmake_force_configure' from command line to 'False'
[0.427s] Level 5:colcon.colcon_core.verb:set package 'issy' build argument 'ament_cmake_args' from command line to 'None'
[0.427s] Level 5:colcon.colcon_core.verb:set package 'issy' build argument 'catkin_cmake_args' from command line to 'None'
[0.427s] Level 5:colcon.colcon_core.verb:set package 'issy' build argument 'catkin_skip_building_tests' from command line to 'False'
[0.427s] DEBUG:colcon.colcon_core.verb:Building package 'issy' with the following arguments: {'ament_cmake_args': None, 'build_base': '/home/issy/ros2_ws/src/waitforme/build/issy', 'catkin_cmake_args': None, 'catkin_skip_building_tests': False, 'cmake_args': None, 'cmake_clean_cache': False, 'cmake_clean_first': False, 'cmake_force_configure': False, 'cmake_target': None, 'cmake_target_skip_unavailable': False, 'install_base': '/home/issy/ros2_ws/src/waitforme/install/issy', 'merge_install': False, 'path': '/home/issy/ros2_ws/src/waitforme/issy', 'symlink_install': True, 'test_result_base': None}
[0.428s] INFO:colcon.colcon_core.executor:Executing jobs using 'parallel' executor
[0.429s] DEBUG:colcon.colcon_parallel_executor.executor.parallel:run_until_complete
[0.429s] INFO:colcon.colcon_ros.task.ament_cmake.build:Building ROS package in '/home/issy/ros2_ws/src/waitforme/issy' with build type 'ament_cmake'
[0.429s] INFO:colcon.colcon_cmake.task.cmake.build:Building CMake package in '/home/issy/ros2_ws/src/waitforme/issy'
[0.431s] INFO:colcon.colcon_core.plugin_system:Skipping extension 'colcon_core.shell.bat': Not used on non-Windows systems
[0.431s] INFO:colcon.colcon_core.shell:Skip shell extension 'powershell' for command environment: Not usable outside of PowerShell
[0.431s] DEBUG:colcon.colcon_core.shell:Skip shell extension 'dsv' for command environment
[0.450s] DEBUG:colcon.colcon_core.event_handler.log_command:Invoking command in '/home/issy/ros2_ws/src/waitforme/build/issy': CMAKE_PREFIX_PATH=/home/issy/ros2_ws/install/turtlebot3:/home/issy/ros2_ws/install/turtlebot3_simulations:/home/issy/ros2_ws/install/turtlebot3_bringup:/home/issy/ros2_ws/install/turtlebot3_node:/home/issy/ros2_ws/install/turtlebot3_navigation2:/home/issy/ros2_ws/install/turtlebot3_fake_node:/home/issy/ros2_ws/install/turtlebot3_msgs:/home/issy/ros2_ws/install/turtlebot3_gazebo:/home/issy/ros2_ws/install/turtlebot3_description:/home/issy/ros2_ws/install/turtlebot3_cartographer:/home/issy/ros2_ws/install/logic:/home/issy/ros2_ws/install/turtlebot3_teleop:/home/issy/ros2_ws/install/turtlebot3_example:/home/issy/moveit_ws/install/moveit_resources_pr2_description:/home/issy/moveit_ws/install/moveit_configs_utils:/opt/ros/humble:/home/issy/ros2_ws/install/issy:/home/issy/ros2_ws/install/dynamixel_sdk_examples:/home/issy/ros2_ws/install/dynamixel_sdk_custom_interfaces:/home/issy/ros2_ws/install/dynamixel_sdk:/home/issy/ros2_ws/install/andy:/home/issy/moveit_ws/install/pilz_industrial_motion_planner_testutils:/home/issy/moveit_ws/install/moveit_runtime:/home/issy/moveit_ws/install/moveit:/home/issy/moveit_ws/install/moveit_planners:/home/issy/moveit_ws/install/pilz_industrial_motion_planner:/home/issy/moveit_ws/install/moveit_ros_control_interface:/home/issy/moveit_ws/install/moveit_plugins:/home/issy/moveit_ws/install/moveit_simple_controller_manager:/home/issy/moveit_ws/install/moveit_setup_assistant:/home/issy/moveit_ws/install/moveit_setup_srdf_plugins:/home/issy/moveit_ws/install/moveit_setup_core_plugins:/home/issy/moveit_ws/install/moveit_setup_controllers:/home/issy/moveit_ws/install/moveit_setup_app_plugins:/home/issy/moveit_ws/install/moveit_setup_framework:/home/issy/moveit_ws/install/moveit_servo:/home/issy/moveit_ws/install/moveit_ros:/home/issy/moveit_ws/install/moveit_ros_visualization:/home/issy/moveit_ws/install/moveit_hybrid_planning:/home/issy/moveit_ws/install/moveit_ros_planning_interface:/home/issy/moveit_ws/install/moveit_ros_benchmarks:/home/issy/moveit_ws/install/moveit_ros_warehouse:/home/issy/moveit_ws/install/moveit_ros_robot_interaction:/home/issy/moveit_ws/install/moveit_ros_perception:/home/issy/moveit_ws/install/moveit_resources_prbt_pg70_support:/home/issy/moveit_ws/install/moveit_resources_prbt_moveit_config:/home/issy/moveit_ws/install/moveit_ros_move_group:/home/issy/moveit_ws/install/moveit_planners_ompl:/home/issy/moveit_ws/install/moveit_ros_planning:/home/issy/moveit_ws/install/moveit_ros_occupancy_map_monitor:/home/issy/moveit_ws/install/moveit_resources_prbt_support:/home/issy/moveit_ws/install/moveit_resources_prbt_ikfast_manipulator_plugin:/home/issy/moveit_ws/install/moveit_resources:/home/issy/moveit_ws/install/moveit_resources_panda_moveit_config:/home/issy/moveit_ws/install/moveit_resources_panda_description:/home/issy/moveit_ws/install/moveit_resources_fanuc_moveit_config:/home/issy/moveit_ws/install/moveit_resources_fanuc_description:/home/issy/moveit_ws/install/moveit_planners_chomp:/home/issy/moveit_ws/install/moveit_kinematics:/home/issy/moveit_ws/install/moveit_chomp_optimizer_adapter:/home/issy/moveit_ws/install/chomp_motion_planner:/home/issy/moveit_ws/install/moveit_core:/home/issy/moveit_ws/install/moveit_msgs:/home/issy/moveit_ws/install/moveit_common /usr/bin/cmake /home/issy/ros2_ws/src/waitforme/issy -DAMENT_CMAKE_SYMLINK_INSTALL=1 -DCMAKE_INSTALL_PREFIX=/home/issy/ros2_ws/src/waitforme/install/issy
[2.391s] DEBUG:colcon.colcon_core.event_handler.log_command:Invoked command in '/home/issy/ros2_ws/src/waitforme/build/issy' returned '0': CMAKE_PREFIX_PATH=/home/issy/ros2_ws/install/turtlebot3:/home/issy/ros2_ws/install/turtlebot3_simulations:/home/issy/ros2_ws/install/turtlebot3_bringup:/home/issy/ros2_ws/install/turtlebot3_node:/home/issy/ros2_ws/install/turtlebot3_navigation2:/home/issy/ros2_ws/install/turtlebot3_fake_node:/home/issy/ros2_ws/install/turtlebot3_msgs:/home/issy/ros2_ws/install/turtlebot3_gazebo:/home/issy/ros2_ws/install/turtlebot3_description:/home/issy/ros2_ws/install/turtlebot3_cartographer:/home/issy/ros2_ws/install/logic:/home/issy/ros2_ws/install/turtlebot3_teleop:/home/issy/ros2_ws/install/turtlebot3_example:/home/issy/moveit_ws/install/moveit_resources_pr2_description:/home/issy/moveit_ws/install/moveit_configs_utils:/opt/ros/humble:/home/issy/ros2_ws/install/issy:/home/issy/ros2_ws/install/dynamixel_sdk_examples:/home/issy/ros2_ws/install/dynamixel_sdk_custom_interfaces:/home/issy/ros2_ws/install/dynamixel_sdk:/home/issy/ros2_ws/install/andy:/home/issy/moveit_ws/install/pilz_industrial_motion_planner_testutils:/home/issy/moveit_ws/install/moveit_runtime:/home/issy/moveit_ws/install/moveit:/home/issy/moveit_ws/install/moveit_planners:/home/issy/moveit_ws/install/pilz_industrial_motion_planner:/home/issy/moveit_ws/install/moveit_ros_control_interface:/home/issy/moveit_ws/install/moveit_plugins:/home/issy/moveit_ws/install/moveit_simple_controller_manager:/home/issy/moveit_ws/install/moveit_setup_assistant:/home/issy/moveit_ws/install/moveit_setup_srdf_plugins:/home/issy/moveit_ws/install/moveit_setup_core_plugins:/home/issy/moveit_ws/install/moveit_setup_controllers:/home/issy/moveit_ws/install/moveit_setup_app_plugins:/home/issy/moveit_ws/install/moveit_setup_framework:/home/issy/moveit_ws/install/moveit_servo:/home/issy/moveit_ws/install/moveit_ros:/home/issy/moveit_ws/install/moveit_ros_visualization:/home/issy/moveit_ws/install/moveit_hybrid_planning:/home/issy/moveit_ws/install/moveit_ros_planning_interface:/home/issy/moveit_ws/install/moveit_ros_benchmarks:/home/issy/moveit_ws/install/moveit_ros_warehouse:/home/issy/moveit_ws/install/moveit_ros_robot_interaction:/home/issy/moveit_ws/install/moveit_ros_perception:/home/issy/moveit_ws/install/moveit_resources_prbt_pg70_support:/home/issy/moveit_ws/install/moveit_resources_prbt_moveit_config:/home/issy/moveit_ws/install/moveit_ros_move_group:/home/issy/moveit_ws/install/moveit_planners_ompl:/home/issy/moveit_ws/install/moveit_ros_planning:/home/issy/moveit_ws/install/moveit_ros_occupancy_map_monitor:/home/issy/moveit_ws/install/moveit_resources_prbt_support:/home/issy/moveit_ws/install/moveit_resources_prbt_ikfast_manipulator_plugin:/home/issy/moveit_ws/install/moveit_resources:/home/issy/moveit_ws/install/moveit_resources_panda_moveit_config:/home/issy/moveit_ws/install/moveit_resources_panda_description:/home/issy/moveit_ws/install/moveit_resources_fanuc_moveit_config:/home/issy/moveit_ws/install/moveit_resources_fanuc_description:/home/issy/moveit_ws/install/moveit_planners_chomp:/home/issy/moveit_ws/install/moveit_kinematics:/home/issy/moveit_ws/install/moveit_chomp_optimizer_adapter:/home/issy/moveit_ws/install/chomp_motion_planner:/home/issy/moveit_ws/install/moveit_core:/home/issy/moveit_ws/install/moveit_msgs:/home/issy/moveit_ws/install/moveit_common /usr/bin/cmake /home/issy/ros2_ws/src/waitforme/issy -DAMENT_CMAKE_SYMLINK_INSTALL=1 -DCMAKE_INSTALL_PREFIX=/home/issy/ros2_ws/src/waitforme/install/issy
[2.393s] DEBUG:colcon.colcon_core.event_handler.log_command:Invoking command in '/home/issy/ros2_ws/src/waitforme/build/issy': CMAKE_PREFIX_PATH=/home/issy/ros2_ws/install/turtlebot3:/home/issy/ros2_ws/install/turtlebot3_simulations:/home/issy/ros2_ws/install/turtlebot3_bringup:/home/issy/ros2_ws/install/turtlebot3_node:/home/issy/ros2_ws/install/turtlebot3_navigation2:/home/issy/ros2_ws/install/turtlebot3_fake_node:/home/issy/ros2_ws/install/turtlebot3_msgs:/home/issy/ros2_ws/install/turtlebot3_gazebo:/home/issy/ros2_ws/install/turtlebot3_description:/home/issy/ros2_ws/install/turtlebot3_cartographer:/home/issy/ros2_ws/install/logic:/home/issy/ros2_ws/install/turtlebot3_teleop:/home/issy/ros2_ws/install/turtlebot3_example:/home/issy/moveit_ws/install/moveit_resources_pr2_description:/home/issy/moveit_ws/install/moveit_configs_utils:/opt/ros/humble:/home/issy/ros2_ws/install/issy:/home/issy/ros2_ws/install/dynamixel_sdk_examples:/home/issy/ros2_ws/install/dynamixel_sdk_custom_interfaces:/home/issy/ros2_ws/install/dynamixel_sdk:/home/issy/ros2_ws/install/andy:/home/issy/moveit_ws/install/pilz_industrial_motion_planner_testutils:/home/issy/moveit_ws/install/moveit_runtime:/home/issy/moveit_ws/install/moveit:/home/issy/moveit_ws/install/moveit_planners:/home/issy/moveit_ws/install/pilz_industrial_motion_planner:/home/issy/moveit_ws/install/moveit_ros_control_interface:/home/issy/moveit_ws/install/moveit_plugins:/home/issy/moveit_ws/install/moveit_simple_controller_manager:/home/issy/moveit_ws/install/moveit_setup_assistant:/home/issy/moveit_ws/install/moveit_setup_srdf_plugins:/home/issy/moveit_ws/install/moveit_setup_core_plugins:/home/issy/moveit_ws/install/moveit_setup_controllers:/home/issy/moveit_ws/install/moveit_setup_app_plugins:/home/issy/moveit_ws/install/moveit_setup_framework:/home/issy/moveit_ws/install/moveit_servo:/home/issy/moveit_ws/install/moveit_ros:/home/issy/moveit_ws/install/moveit_ros_visualization:/home/issy/moveit_ws/install/moveit_hybrid_planning:/home/issy/moveit_ws/install/moveit_ros_planning_interface:/home/issy/moveit_ws/install/moveit_ros_benchmarks:/home/issy/moveit_ws/install/moveit_ros_warehouse:/home/issy/moveit_ws/install/moveit_ros_robot_interaction:/home/issy/moveit_ws/install/moveit_ros_perception:/home/issy/moveit_ws/install/moveit_resources_prbt_pg70_support:/home/issy/moveit_ws/install/moveit_resources_prbt_moveit_config:/home/issy/moveit_ws/install/moveit_ros_move_group:/home/issy/moveit_ws/install/moveit_planners_ompl:/home/issy/moveit_ws/install/moveit_ros_planning:/home/issy/moveit_ws/install/moveit_ros_occupancy_map_monitor:/home/issy/moveit_ws/install/moveit_resources_prbt_support:/home/issy/moveit_ws/install/moveit_resources_prbt_ikfast_manipulator_plugin:/home/issy/moveit_ws/install/moveit_resources:/home/issy/moveit_ws/install/moveit_resources_panda_moveit_config:/home/issy/moveit_ws/install/moveit_resources_panda_description:/home/issy/moveit_ws/install/moveit_resources_fanuc_moveit_config:/home/issy/moveit_ws/install/moveit_resources_fanuc_description:/home/issy/moveit_ws/install/moveit_planners_chomp:/home/issy/moveit_ws/install/moveit_kinematics:/home/issy/moveit_ws/install/moveit_chomp_optimizer_adapter:/home/issy/moveit_ws/install/chomp_motion_planner:/home/issy/moveit_ws/install/moveit_core:/home/issy/moveit_ws/install/moveit_msgs:/home/issy/moveit_ws/install/moveit_common /usr/bin/cmake --build /home/issy/ros2_ws/src/waitforme/build/issy -- -j12 -l12
[12.026s] DEBUG:colcon.colcon_core.event_handler.log_command:Invoked command in '/home/issy/ros2_ws/src/waitforme/build/issy' returned '0': CMAKE_PREFIX_PATH=/home/issy/ros2_ws/install/turtlebot3:/home/issy/ros2_ws/install/turtlebot3_simulations:/home/issy/ros2_ws/install/turtlebot3_bringup:/home/issy/ros2_ws/install/turtlebot3_node:/home/issy/ros2_ws/install/turtlebot3_navigation2:/home/issy/ros2_ws/install/turtlebot3_fake_node:/home/issy/ros2_ws/install/turtlebot3_msgs:/home/issy/ros2_ws/install/turtlebot3_gazebo:/home/issy/ros2_ws/install/turtlebot3_description:/home/issy/ros2_ws/install/turtlebot3_cartographer:/home/issy/ros2_ws/install/logic:/home/issy/ros2_ws/install/turtlebot3_teleop:/home/issy/ros2_ws/install/turtlebot3_example:/home/issy/moveit_ws/install/moveit_resources_pr2_description:/home/issy/moveit_ws/install/moveit_configs_utils:/opt/ros/humble:/home/issy/ros2_ws/install/issy:/home/issy/ros2_ws/install/dynamixel_sdk_examples:/home/issy/ros2_ws/install/dynamixel_sdk_custom_interfaces:/home/issy/ros2_ws/install/dynamixel_sdk:/home/issy/ros2_ws/install/andy:/home/issy/moveit_ws/install/pilz_industrial_motion_planner_testutils:/home/issy/moveit_ws/install/moveit_runtime:/home/issy/moveit_ws/install/moveit:/home/issy/moveit_ws/install/moveit_planners:/home/issy/moveit_ws/install/pilz_industrial_motion_planner:/home/issy/moveit_ws/install/moveit_ros_control_interface:/home/issy/moveit_ws/install/moveit_plugins:/home/issy/moveit_ws/install/moveit_simple_controller_manager:/home/issy/moveit_ws/install/moveit_setup_assistant:/home/issy/moveit_ws/install/moveit_setup_srdf_plugins:/home/issy/moveit_ws/install/moveit_setup_core_plugins:/home/issy/moveit_ws/install/moveit_setup_controllers:/home/issy/moveit_ws/install/moveit_setup_app_plugins:/home/issy/moveit_ws/install/moveit_setup_framework:/home/issy/moveit_ws/install/moveit_servo:/home/issy/moveit_ws/install/moveit_ros:/home/issy/moveit_ws/install/moveit_ros_visualization:/home/issy/moveit_ws/install/moveit_hybrid_planning:/home/issy/moveit_ws/install/moveit_ros_planning_interface:/home/issy/moveit_ws/install/moveit_ros_benchmarks:/home/issy/moveit_ws/install/moveit_ros_warehouse:/home/issy/moveit_ws/install/moveit_ros_robot_interaction:/home/issy/moveit_ws/install/moveit_ros_perception:/home/issy/moveit_ws/install/moveit_resources_prbt_pg70_support:/home/issy/moveit_ws/install/moveit_resources_prbt_moveit_config:/home/issy/moveit_ws/install/moveit_ros_move_group:/home/issy/moveit_ws/install/moveit_planners_ompl:/home/issy/moveit_ws/install/moveit_ros_planning:/home/issy/moveit_ws/install/moveit_ros_occupancy_map_monitor:/home/issy/moveit_ws/install/moveit_resources_prbt_support:/home/issy/moveit_ws/install/moveit_resources_prbt_ikfast_manipulator_plugin:/home/issy/moveit_ws/install/moveit_resources:/home/issy/moveit_ws/install/moveit_resources_panda_moveit_config:/home/issy/moveit_ws/install/moveit_resources_panda_description:/home/issy/moveit_ws/install/moveit_resources_fanuc_moveit_config:/home/issy/moveit_ws/install/moveit_resources_fanuc_description:/home/issy/moveit_ws/install/moveit_planners_chomp:/home/issy/moveit_ws/install/moveit_kinematics:/home/issy/moveit_ws/install/moveit_chomp_optimizer_adapter:/home/issy/moveit_ws/install/chomp_motion_planner:/home/issy/moveit_ws/install/moveit_core:/home/issy/moveit_ws/install/moveit_msgs:/home/issy/moveit_ws/install/moveit_common /usr/bin/cmake --build /home/issy/ros2_ws/src/waitforme/build/issy -- -j12 -l12
[12.044s] DEBUG:colcon.colcon_core.event_handler.log_command:Invoking command in '/home/issy/ros2_ws/src/waitforme/build/issy': CMAKE_PREFIX_PATH=/home/issy/ros2_ws/install/turtlebot3:/home/issy/ros2_ws/install/turtlebot3_simulations:/home/issy/ros2_ws/install/turtlebot3_bringup:/home/issy/ros2_ws/install/turtlebot3_node:/home/issy/ros2_ws/install/turtlebot3_navigation2:/home/issy/ros2_ws/install/turtlebot3_fake_node:/home/issy/ros2_ws/install/turtlebot3_msgs:/home/issy/ros2_ws/install/turtlebot3_gazebo:/home/issy/ros2_ws/install/turtlebot3_description:/home/issy/ros2_ws/install/turtlebot3_cartographer:/home/issy/ros2_ws/install/logic:/home/issy/ros2_ws/install/turtlebot3_teleop:/home/issy/ros2_ws/install/turtlebot3_example:/home/issy/moveit_ws/install/moveit_resources_pr2_description:/home/issy/moveit_ws/install/moveit_configs_utils:/opt/ros/humble:/home/issy/ros2_ws/install/issy:/home/issy/ros2_ws/install/dynamixel_sdk_examples:/home/issy/ros2_ws/install/dynamixel_sdk_custom_interfaces:/home/issy/ros2_ws/install/dynamixel_sdk:/home/issy/ros2_ws/install/andy:/home/issy/moveit_ws/install/pilz_industrial_motion_planner_testutils:/home/issy/moveit_ws/install/moveit_runtime:/home/issy/moveit_ws/install/moveit:/home/issy/moveit_ws/install/moveit_planners:/home/issy/moveit_ws/install/pilz_industrial_motion_planner:/home/issy/moveit_ws/install/moveit_ros_control_interface:/home/issy/moveit_ws/install/moveit_plugins:/home/issy/moveit_ws/install/moveit_simple_controller_manager:/home/issy/moveit_ws/install/moveit_setup_assistant:/home/issy/moveit_ws/install/moveit_setup_srdf_plugins:/home/issy/moveit_ws/install/moveit_setup_core_plugins:/home/issy/moveit_ws/install/moveit_setup_controllers:/home/issy/moveit_ws/install/moveit_setup_app_plugins:/home/issy/moveit_ws/install/moveit_setup_framework:/home/issy/moveit_ws/install/moveit_servo:/home/issy/moveit_ws/install/moveit_ros:/home/issy/moveit_ws/install/moveit_ros_visualization:/home/issy/moveit_ws/install/moveit_hybrid_planning:/home/issy/moveit_ws/install/moveit_ros_planning_interface:/home/issy/moveit_ws/install/moveit_ros_benchmarks:/home/issy/moveit_ws/install/moveit_ros_warehouse:/home/issy/moveit_ws/install/moveit_ros_robot_interaction:/home/issy/moveit_ws/install/moveit_ros_perception:/home/issy/moveit_ws/install/moveit_resources_prbt_pg70_support:/home/issy/moveit_ws/install/moveit_resources_prbt_moveit_config:/home/issy/moveit_ws/install/moveit_ros_move_group:/home/issy/moveit_ws/install/moveit_planners_ompl:/home/issy/moveit_ws/install/moveit_ros_planning:/home/issy/moveit_ws/install/moveit_ros_occupancy_map_monitor:/home/issy/moveit_ws/install/moveit_resources_prbt_support:/home/issy/moveit_ws/install/moveit_resources_prbt_ikfast_manipulator_plugin:/home/issy/moveit_ws/install/moveit_resources:/home/issy/moveit_ws/install/moveit_resources_panda_moveit_config:/home/issy/moveit_ws/install/moveit_resources_panda_description:/home/issy/moveit_ws/install/moveit_resources_fanuc_moveit_config:/home/issy/moveit_ws/install/moveit_resources_fanuc_description:/home/issy/moveit_ws/install/moveit_planners_chomp:/home/issy/moveit_ws/install/moveit_kinematics:/home/issy/moveit_ws/install/moveit_chomp_optimizer_adapter:/home/issy/moveit_ws/install/chomp_motion_planner:/home/issy/moveit_ws/install/moveit_core:/home/issy/moveit_ws/install/moveit_msgs:/home/issy/moveit_ws/install/moveit_common /usr/bin/cmake --install /home/issy/ros2_ws/src/waitforme/build/issy
[12.325s] Level 1:colcon.colcon_core.environment:create_environment_scripts_only(issy)
[12.325s] DEBUG:colcon.colcon_core.event_handler.log_command:Invoked command in '/home/issy/ros2_ws/src/waitforme/build/issy' returned '0': CMAKE_PREFIX_PATH=/home/issy/ros2_ws/install/turtlebot3:/home/issy/ros2_ws/install/turtlebot3_simulations:/home/issy/ros2_ws/install/turtlebot3_bringup:/home/issy/ros2_ws/install/turtlebot3_node:/home/issy/ros2_ws/install/turtlebot3_navigation2:/home/issy/ros2_ws/install/turtlebot3_fake_node:/home/issy/ros2_ws/install/turtlebot3_msgs:/home/issy/ros2_ws/install/turtlebot3_gazebo:/home/issy/ros2_ws/install/turtlebot3_description:/home/issy/ros2_ws/install/turtlebot3_cartographer:/home/issy/ros2_ws/install/logic:/home/issy/ros2_ws/install/turtlebot3_teleop:/home/issy/ros2_ws/install/turtlebot3_example:/home/issy/moveit_ws/install/moveit_resources_pr2_description:/home/issy/moveit_ws/install/moveit_configs_utils:/opt/ros/humble:/home/issy/ros2_ws/install/issy:/home/issy/ros2_ws/install/dynamixel_sdk_examples:/home/issy/ros2_ws/install/dynamixel_sdk_custom_interfaces:/home/issy/ros2_ws/install/dynamixel_sdk:/home/issy/ros2_ws/install/andy:/home/issy/moveit_ws/install/pilz_industrial_motion_planner_testutils:/home/issy/moveit_ws/install/moveit_runtime:/home/issy/moveit_ws/install/moveit:/home/issy/moveit_ws/install/moveit_planners:/home/issy/moveit_ws/install/pilz_industrial_motion_planner:/home/issy/moveit_ws/install/moveit_ros_control_interface:/home/issy/moveit_ws/install/moveit_plugins:/home/issy/moveit_ws/install/moveit_simple_controller_manager:/home/issy/moveit_ws/install/moveit_setup_assistant:/home/issy/moveit_ws/install/moveit_setup_srdf_plugins:/home/issy/moveit_ws/install/moveit_setup_core_plugins:/home/issy/moveit_ws/install/moveit_setup_controllers:/home/issy/moveit_ws/install/moveit_setup_app_plugins:/home/issy/moveit_ws/install/moveit_setup_framework:/home/issy/moveit_ws/install/moveit_servo:/home/issy/moveit_ws/install/moveit_ros:/home/issy/moveit_ws/install/moveit_ros_visualization:/home/issy/moveit_ws/install/moveit_hybrid_planning:/home/issy/moveit_ws/install/moveit_ros_planning_interface:/home/issy/moveit_ws/install/moveit_ros_benchmarks:/home/issy/moveit_ws/install/moveit_ros_warehouse:/home/issy/moveit_ws/install/moveit_ros_robot_interaction:/home/issy/moveit_ws/install/moveit_ros_perception:/home/issy/moveit_ws/install/moveit_resources_prbt_pg70_support:/home/issy/moveit_ws/install/moveit_resources_prbt_moveit_config:/home/issy/moveit_ws/install/moveit_ros_move_group:/home/issy/moveit_ws/install/moveit_planners_ompl:/home/issy/moveit_ws/install/moveit_ros_planning:/home/issy/moveit_ws/install/moveit_ros_occupancy_map_monitor:/home/issy/moveit_ws/install/moveit_resources_prbt_support:/home/issy/moveit_ws/install/moveit_resources_prbt_ikfast_manipulator_plugin:/home/issy/moveit_ws/install/moveit_resources:/home/issy/moveit_ws/install/moveit_resources_panda_moveit_config:/home/issy/moveit_ws/install/moveit_resources_panda_description:/home/issy/moveit_ws/install/moveit_resources_fanuc_moveit_config:/home/issy/moveit_ws/install/moveit_resources_fanuc_description:/home/issy/moveit_ws/install/moveit_planners_chomp:/home/issy/moveit_ws/install/moveit_kinematics:/home/issy/moveit_ws/install/moveit_chomp_optimizer_adapter:/home/issy/moveit_ws/install/chomp_motion_planner:/home/issy/moveit_ws/install/moveit_core:/home/issy/moveit_ws/install/moveit_msgs:/home/issy/moveit_ws/install/moveit_common /usr/bin/cmake --install /home/issy/ros2_ws/src/waitforme/build/issy
[12.327s] Level 1:colcon.colcon_core.environment:checking '/home/issy/ros2_ws/src/waitforme/install/issy' for CMake module files
[12.328s] Level 1:colcon.colcon_core.environment:checking '/home/issy/ros2_ws/src/waitforme/install/issy' for CMake config files
[12.328s] Level 1:colcon.colcon_core.shell:create_environment_hook('issy', 'cmake_prefix_path')
[12.328s] INFO:colcon.colcon_core.shell:Creating environment hook '/home/issy/ros2_ws/src/waitforme/install/issy/share/issy/hook/cmake_prefix_path.ps1'
[12.329s] INFO:colcon.colcon_core.shell:Creating environment descriptor '/home/issy/ros2_ws/src/waitforme/install/issy/share/issy/hook/cmake_prefix_path.dsv'
[12.329s] INFO:colcon.colcon_core.shell:Creating environment hook '/home/issy/ros2_ws/src/waitforme/install/issy/share/issy/hook/cmake_prefix_path.sh'
[12.330s] Level 1:colcon.colcon_core.environment:checking '/home/issy/ros2_ws/src/waitforme/install/issy/lib'
[12.330s] Level 1:colcon.colcon_core.environment:checking '/home/issy/ros2_ws/src/waitforme/install/issy/bin'
[12.330s] Level 1:colcon.colcon_core.environment:checking '/home/issy/ros2_ws/src/waitforme/install/issy/lib/pkgconfig/issy.pc'
[12.330s] Level 1:colcon.colcon_core.environment:checking '/home/issy/ros2_ws/src/waitforme/install/issy/lib/python3.10/site-packages'
[12.331s] Level 1:colcon.colcon_core.environment:checking '/home/issy/ros2_ws/src/waitforme/install/issy/bin'
[12.331s] INFO:colcon.colcon_core.shell:Creating package script '/home/issy/ros2_ws/src/waitforme/install/issy/share/issy/package.ps1'
[12.332s] INFO:colcon.colcon_core.shell:Creating package descriptor '/home/issy/ros2_ws/src/waitforme/install/issy/share/issy/package.dsv'
[12.332s] INFO:colcon.colcon_core.shell:Creating package script '/home/issy/ros2_ws/src/waitforme/install/issy/share/issy/package.sh'
[12.333s] INFO:colcon.colcon_core.shell:Creating package script '/home/issy/ros2_ws/src/waitforme/install/issy/share/issy/package.bash'
[12.334s] INFO:colcon.colcon_core.shell:Creating package script '/home/issy/ros2_ws/src/waitforme/install/issy/share/issy/package.zsh'
[12.335s] Level 1:colcon.colcon_core.environment:create_file_with_runtime_dependencies(/home/issy/ros2_ws/src/waitforme/install/issy/share/colcon-core/packages/issy)
[12.335s] Level 1:colcon.colcon_core.environment:create_environment_scripts_only(issy)
[12.336s] Level 1:colcon.colcon_core.environment:checking '/home/issy/ros2_ws/src/waitforme/install/issy' for CMake module files
[12.336s] Level 1:colcon.colcon_core.environment:checking '/home/issy/ros2_ws/src/waitforme/install/issy' for CMake config files
[12.337s] Level 1:colcon.colcon_core.shell:create_environment_hook('issy', 'cmake_prefix_path')
[12.337s] INFO:colcon.colcon_core.shell:Creating environment hook '/home/issy/ros2_ws/src/waitforme/install/issy/share/issy/hook/cmake_prefix_path.ps1'
[12.337s] INFO:colcon.colcon_core.shell:Creating environment descriptor '/home/issy/ros2_ws/src/waitforme/install/issy/share/issy/hook/cmake_prefix_path.dsv'
[12.338s] INFO:colcon.colcon_core.shell:Creating environment hook '/home/issy/ros2_ws/src/waitforme/install/issy/share/issy/hook/cmake_prefix_path.sh'
[12.338s] Level 1:colcon.colcon_core.environment:checking '/home/issy/ros2_ws/src/waitforme/install/issy/lib'
[12.339s] Level 1:colcon.colcon_core.environment:checking '/home/issy/ros2_ws/src/waitforme/install/issy/bin'
[12.339s] Level 1:colcon.colcon_core.environment:checking '/home/issy/ros2_ws/src/waitforme/install/issy/lib/pkgconfig/issy.pc'
[12.339s] Level 1:colcon.colcon_core.environment:checking '/home/issy/ros2_ws/src/waitforme/install/issy/lib/python3.10/site-packages'
[12.339s] Level 1:colcon.colcon_core.environment:checking '/home/issy/ros2_ws/src/waitforme/install/issy/bin'
[12.339s] INFO:colcon.colcon_core.shell:Creating package script '/home/issy/ros2_ws/src/waitforme/install/issy/share/issy/package.ps1'
[12.340s] INFO:colcon.colcon_core.shell:Creating package descriptor '/home/issy/ros2_ws/src/waitforme/install/issy/share/issy/package.dsv'
[12.340s] INFO:colcon.colcon_core.shell:Creating package script '/home/issy/ros2_ws/src/waitforme/install/issy/share/issy/package.sh'
[12.341s] INFO:colcon.colcon_core.shell:Creating package script '/home/issy/ros2_ws/src/waitforme/install/issy/share/issy/package.bash'
[12.341s] INFO:colcon.colcon_core.shell:Creating package script '/home/issy/ros2_ws/src/waitforme/install/issy/share/issy/package.zsh'
[12.342s] Level 1:colcon.colcon_core.environment:create_file_with_runtime_dependencies(/home/issy/ros2_ws/src/waitforme/install/issy/share/colcon-core/packages/issy)
[12.343s] DEBUG:colcon.colcon_parallel_executor.executor.parallel:closing loop
[12.343s] DEBUG:colcon.colcon_parallel_executor.executor.parallel:loop closed
[12.343s] DEBUG:colcon.colcon_parallel_executor.executor.parallel:run_until_complete finished with '0'
[12.343s] DEBUG:colcon.colcon_core.event_reactor:joining thread
[12.350s] INFO:colcon.colcon_core.plugin_system:Skipping extension 'colcon_notification.desktop_notification.terminal_notifier': Not used on non-Darwin systems
[12.350s] INFO:colcon.colcon_core.plugin_system:Skipping extension 'colcon_notification.desktop_notification.win32': Not used on non-Windows systems
[12.350s] INFO:colcon.colcon_notification.desktop_notification:Sending desktop notification using 'notify2'
[12.365s] DEBUG:colcon.colcon_core.event_reactor:joined thread
[12.366s] INFO:colcon.colcon_core.shell:Creating prefix script '/home/issy/ros2_ws/src/waitforme/install/local_setup.ps1'
[12.367s] INFO:colcon.colcon_core.shell:Creating prefix util module '/home/issy/ros2_ws/src/waitforme/install/_local_setup_util_ps1.py'
[12.369s] INFO:colcon.colcon_core.shell:Creating prefix chain script '/home/issy/ros2_ws/src/waitforme/install/setup.ps1'
[12.373s] INFO:colcon.colcon_core.shell:Creating prefix script '/home/issy/ros2_ws/src/waitforme/install/local_setup.sh'
[12.374s] INFO:colcon.colcon_core.shell:Creating prefix util module '/home/issy/ros2_ws/src/waitforme/install/_local_setup_util_sh.py'
[12.375s] INFO:colcon.colcon_core.shell:Creating prefix chain script '/home/issy/ros2_ws/src/waitforme/install/setup.sh'
[12.379s] INFO:colcon.colcon_core.shell:Creating prefix script '/home/issy/ros2_ws/src/waitforme/install/local_setup.bash'
[12.380s] INFO:colcon.colcon_core.shell:Creating prefix chain script '/home/issy/ros2_ws/src/waitforme/install/setup.bash'
[12.384s] INFO:colcon.colcon_core.shell:Creating prefix script '/home/issy/ros2_ws/src/waitforme/install/local_setup.zsh'
[12.385s] INFO:colcon.colcon_core.shell:Creating prefix chain script '/home/issy/ros2_ws/src/waitforme/install/setup.zsh'
