[0.099s] DEBUG:colcon:Command line arguments: ['/usr/bin/colcon', 'build', '--packages-select', 'andy']
[0.099s] DEBUG:colcon:Parsed command line arguments: Namespace(log_base=None, log_level=None, verb_name='build', build_base='build', install_base='install', merge_install=False, symlink_install=False, test_result_base=None, continue_on_error=False, executor='parallel', parallel_workers=12, event_handlers=None, ignore_user_meta=False, metas=['./colcon.meta'], base_paths=['.'], packages_ignore=None, packages_ignore_regex=None, paths=None, packages_up_to=None, packages_up_to_regex=None, packages_above=None, packages_above_and_dependencies=None, packages_above_depth=None, packages_select_by_dep=None, packages_skip_by_dep=None, packages_skip_up_to=None, packages_select_build_failed=False, packages_skip_build_finished=False, packages_select_test_failures=False, packages_skip_test_passed=False, packages_select=['andy'], packages_skip=None, packages_select_regex=None, packages_skip_regex=None, packages_start=None, packages_end=None, allow_overriding=[], cmake_args=None, cmake_target=None, cmake_target_skip_unavailable=False, cmake_clean_cache=False, cmake_clean_first=False, cmake_force_configure=False, ament_cmake_args=None, catkin_cmake_args=None, catkin_skip_building_tests=False, verb_parser=<colcon_defaults.argument_parser.defaults.DefaultArgumentsDecorator object at 0x79ed18633c70>, verb_extension=<colcon_core.verb.build.BuildVerb object at 0x79ed186335b0>, main=<bound method BuildVerb.main of <colcon_core.verb.build.BuildVerb object at 0x79ed186335b0>>)
[0.200s] Level 1:colcon.colcon_core.package_discovery:discover_packages(colcon_meta) check parameters
[0.201s] Level 1:colcon.colcon_core.package_discovery:discover_packages(recursive) check parameters
[0.201s] Level 1:colcon.colcon_core.package_discovery:discover_packages(ignore) check parameters
[0.201s] Level 1:colcon.colcon_core.package_discovery:discover_packages(path) check parameters
[0.201s] Level 1:colcon.colcon_core.package_discovery:discover_packages(colcon_meta) discover
[0.201s] Level 1:colcon.colcon_core.package_discovery:discover_packages(recursive) discover
[0.201s] INFO:colcon.colcon_core.package_discovery:Crawling recursively for packages in '/home/andrew/ros2_ws/src/waitforme'
[0.201s] Level 1:colcon.colcon_core.package_identification:_identify(.) by extensions ['ignore', 'ignore_ament_install']
[0.201s] Level 1:colcon.colcon_core.package_identification:_identify(.) by extension 'ignore'
[0.201s] Level 1:colcon.colcon_core.package_identification:_identify(.) by extension 'ignore_ament_install'
[0.201s] Level 1:colcon.colcon_core.package_identification:_identify(.) by extensions ['colcon_pkg']
[0.201s] Level 1:colcon.colcon_core.package_identification:_identify(.) by extension 'colcon_pkg'
[0.201s] Level 1:colcon.colcon_core.package_identification:_identify(.) by extensions ['colcon_meta']
[0.201s] Level 1:colcon.colcon_core.package_identification:_identify(.) by extension 'colcon_meta'
[0.201s] Level 1:colcon.colcon_core.package_identification:_identify(.) by extensions ['ros']
[0.201s] Level 1:colcon.colcon_core.package_identification:_identify(.) by extension 'ros'
[0.209s] Level 1:colcon.colcon_core.package_identification:_identify(.) by extensions ['cmake', 'python']
[0.209s] Level 1:colcon.colcon_core.package_identification:_identify(.) by extension 'cmake'
[0.210s] Level 1:colcon.colcon_core.package_identification:_identify(.) by extension 'python'
[0.210s] Level 1:colcon.colcon_core.package_identification:_identify(.) by extensions ['python_setup_py']
[0.210s] Level 1:colcon.colcon_core.package_identification:_identify(.) by extension 'python_setup_py'
[0.210s] Level 1:colcon.colcon_core.package_identification:_identify(Documents) by extensions ['ignore', 'ignore_ament_install']
[0.210s] Level 1:colcon.colcon_core.package_identification:_identify(Documents) by extension 'ignore'
[0.210s] Level 1:colcon.colcon_core.package_identification:_identify(Documents) by extension 'ignore_ament_install'
[0.210s] Level 1:colcon.colcon_core.package_identification:_identify(Documents) by extensions ['colcon_pkg']
[0.210s] Level 1:colcon.colcon_core.package_identification:_identify(Documents) by extension 'colcon_pkg'
[0.210s] Level 1:colcon.colcon_core.package_identification:_identify(Documents) by extensions ['colcon_meta']
[0.210s] Level 1:colcon.colcon_core.package_identification:_identify(Documents) by extension 'colcon_meta'
[0.210s] Level 1:colcon.colcon_core.package_identification:_identify(Documents) by extensions ['ros']
[0.210s] Level 1:colcon.colcon_core.package_identification:_identify(Documents) by extension 'ros'
[0.210s] Level 1:colcon.colcon_core.package_identification:_identify(Documents) by extensions ['cmake', 'python']
[0.210s] Level 1:colcon.colcon_core.package_identification:_identify(Documents) by extension 'cmake'
[0.210s] Level 1:colcon.colcon_core.package_identification:_identify(Documents) by extension 'python'
[0.210s] Level 1:colcon.colcon_core.package_identification:_identify(Documents) by extensions ['python_setup_py']
[0.210s] Level 1:colcon.colcon_core.package_identification:_identify(Documents) by extension 'python_setup_py'
[0.210s] Level 1:colcon.colcon_core.package_identification:_identify(andy) by extensions ['ignore', 'ignore_ament_install']
[0.210s] Level 1:colcon.colcon_core.package_identification:_identify(andy) by extension 'ignore'
[0.210s] Level 1:colcon.colcon_core.package_identification:_identify(andy) by extension 'ignore_ament_install'
[0.210s] Level 1:colcon.colcon_core.package_identification:_identify(andy) by extensions ['colcon_pkg']
[0.210s] Level 1:colcon.colcon_core.package_identification:_identify(andy) by extension 'colcon_pkg'
[0.210s] Level 1:colcon.colcon_core.package_identification:_identify(andy) by extensions ['colcon_meta']
[0.210s] Level 1:colcon.colcon_core.package_identification:_identify(andy) by extension 'colcon_meta'
[0.210s] Level 1:colcon.colcon_core.package_identification:_identify(andy) by extensions ['ros']
[0.210s] Level 1:colcon.colcon_core.package_identification:_identify(andy) by extension 'ros'
[0.212s] DEBUG:colcon.colcon_core.package_identification:Package 'andy' with type 'ros.ament_cmake' and name 'andy'
[0.212s] Level 1:colcon.colcon_core.package_identification:_identify(build) by extensions ['ignore', 'ignore_ament_install']
[0.212s] Level 1:colcon.colcon_core.package_identification:_identify(build) by extension 'ignore'
[0.212s] Level 1:colcon.colcon_core.package_identification:_identify(build) ignored
[0.213s] Level 1:colcon.colcon_core.package_identification:_identify(hallie) by extensions ['ignore', 'ignore_ament_install']
[0.213s] Level 1:colcon.colcon_core.package_identification:_identify(hallie) by extension 'ignore'
[0.213s] Level 1:colcon.colcon_core.package_identification:_identify(hallie) by extension 'ignore_ament_install'
[0.213s] Level 1:colcon.colcon_core.package_identification:_identify(hallie) by extensions ['colcon_pkg']
[0.213s] Level 1:colcon.colcon_core.package_identification:_identify(hallie) by extension 'colcon_pkg'
[0.213s] Level 1:colcon.colcon_core.package_identification:_identify(hallie) by extensions ['colcon_meta']
[0.213s] Level 1:colcon.colcon_core.package_identification:_identify(hallie) by extension 'colcon_meta'
[0.213s] Level 1:colcon.colcon_core.package_identification:_identify(hallie) by extensions ['ros']
[0.213s] Level 1:colcon.colcon_core.package_identification:_identify(hallie) by extension 'ros'
[0.214s] DEBUG:colcon.colcon_core.package_identification:Package 'hallie' with type 'ros.ament_cmake' and name 'hallie'
[0.214s] Level 1:colcon.colcon_core.package_identification:_identify(install) by extensions ['ignore', 'ignore_ament_install']
[0.214s] Level 1:colcon.colcon_core.package_identification:_identify(install) by extension 'ignore'
[0.214s] Level 1:colcon.colcon_core.package_identification:_identify(install) ignored
[0.214s] Level 1:colcon.colcon_core.package_identification:_identify(issy) by extensions ['ignore', 'ignore_ament_install']
[0.214s] Level 1:colcon.colcon_core.package_identification:_identify(issy) by extension 'ignore'
[0.214s] Level 1:colcon.colcon_core.package_identification:_identify(issy) by extension 'ignore_ament_install'
[0.214s] Level 1:colcon.colcon_core.package_identification:_identify(issy) by extensions ['colcon_pkg']
[0.214s] Level 1:colcon.colcon_core.package_identification:_identify(issy) by extension 'colcon_pkg'
[0.214s] Level 1:colcon.colcon_core.package_identification:_identify(issy) by extensions ['colcon_meta']
[0.214s] Level 1:colcon.colcon_core.package_identification:_identify(issy) by extension 'colcon_meta'
[0.214s] Level 1:colcon.colcon_core.package_identification:_identify(issy) by extensions ['ros']
[0.214s] Level 1:colcon.colcon_core.package_identification:_identify(issy) by extension 'ros'
[0.215s] DEBUG:colcon.colcon_core.package_identification:Package 'issy' with type 'ros.ament_cmake' and name 'issy'
[0.215s] Level 1:colcon.colcon_core.package_identification:_identify(log) by extensions ['ignore', 'ignore_ament_install']
[0.215s] Level 1:colcon.colcon_core.package_identification:_identify(log) by extension 'ignore'
[0.215s] Level 1:colcon.colcon_core.package_identification:_identify(log) ignored
[0.215s] Level 1:colcon.colcon_core.package_identification:_identify(logic) by extensions ['ignore', 'ignore_ament_install']
[0.215s] Level 1:colcon.colcon_core.package_identification:_identify(logic) by extension 'ignore'
[0.215s] Level 1:colcon.colcon_core.package_identification:_identify(logic) by extension 'ignore_ament_install'
[0.215s] Level 1:colcon.colcon_core.package_identification:_identify(logic) by extensions ['colcon_pkg']
[0.215s] Level 1:colcon.colcon_core.package_identification:_identify(logic) by extension 'colcon_pkg'
[0.215s] Level 1:colcon.colcon_core.package_identification:_identify(logic) by extensions ['colcon_meta']
[0.215s] Level 1:colcon.colcon_core.package_identification:_identify(logic) by extension 'colcon_meta'
[0.215s] Level 1:colcon.colcon_core.package_identification:_identify(logic) by extensions ['ros']
[0.215s] Level 1:colcon.colcon_core.package_identification:_identify(logic) by extension 'ros'
[0.215s] DEBUG:colcon.colcon_core.package_identification:Package 'logic' with type 'ros.ament_cmake' and name 'logic'
[0.216s] Level 1:colcon.colcon_core.package_identification:_identify(tom) by extensions ['ignore', 'ignore_ament_install']
[0.216s] Level 1:colcon.colcon_core.package_identification:_identify(tom) by extension 'ignore'
[0.216s] Level 1:colcon.colcon_core.package_identification:_identify(tom) by extension 'ignore_ament_install'
[0.216s] Level 1:colcon.colcon_core.package_identification:_identify(tom) by extensions ['colcon_pkg']
[0.216s] Level 1:colcon.colcon_core.package_identification:_identify(tom) by extension 'colcon_pkg'
[0.216s] Level 1:colcon.colcon_core.package_identification:_identify(tom) by extensions ['colcon_meta']
[0.216s] Level 1:colcon.colcon_core.package_identification:_identify(tom) by extension 'colcon_meta'
[0.216s] Level 1:colcon.colcon_core.package_identification:_identify(tom) by extensions ['ros']
[0.216s] Level 1:colcon.colcon_core.package_identification:_identify(tom) by extension 'ros'
[0.216s] DEBUG:colcon.colcon_core.package_identification:Package 'tom' with type 'ros.ament_cmake' and name 'tom'
[0.216s] Level 1:colcon.colcon_core.package_discovery:discover_packages(recursive) using defaults
[0.216s] Level 1:colcon.colcon_core.package_discovery:discover_packages(ignore) discover
[0.216s] Level 1:colcon.colcon_core.package_discovery:discover_packages(ignore) using defaults
[0.216s] Level 1:colcon.colcon_core.package_discovery:discover_packages(path) discover
[0.216s] Level 1:colcon.colcon_core.package_discovery:discover_packages(path) using defaults
[0.244s] INFO:colcon.colcon_core.package_selection:Skipping not selected package 'hallie' in 'hallie'
[0.244s] INFO:colcon.colcon_core.package_selection:Skipping not selected package 'issy' in 'issy'
[0.244s] INFO:colcon.colcon_core.package_selection:Skipping not selected package 'logic' in 'logic'
[0.244s] INFO:colcon.colcon_core.package_selection:Skipping not selected package 'tom' in 'tom'
[0.245s] Level 1:colcon.colcon_core.package_discovery:discover_packages(prefix_path) check parameters
[0.245s] Level 1:colcon.colcon_core.package_discovery:discover_packages(prefix_path) discover
[0.246s] DEBUG:colcon.colcon_installed_package_information.package_discovery:Found 1 installed packages in /home/andrew/ros2_ws/src/waitforme/install
[0.246s] DEBUG:colcon.colcon_installed_package_information.package_discovery:Found 5 installed packages in /home/andrew/ros2_ws/install
[0.247s] DEBUG:colcon.colcon_installed_package_information.package_discovery:Found 370 installed packages in /opt/ros/humble
[0.249s] Level 1:colcon.colcon_core.package_discovery:discover_packages(prefix_path) using defaults
[0.283s] Level 5:colcon.colcon_core.verb:set package 'andy' build argument 'cmake_args' from command line to 'None'
[0.283s] Level 5:colcon.colcon_core.verb:set package 'andy' build argument 'cmake_target' from command line to 'None'
[0.283s] Level 5:colcon.colcon_core.verb:set package 'andy' build argument 'cmake_target_skip_unavailable' from command line to 'False'
[0.283s] Level 5:colcon.colcon_core.verb:set package 'andy' build argument 'cmake_clean_cache' from command line to 'False'
[0.283s] Level 5:colcon.colcon_core.verb:set package 'andy' build argument 'cmake_clean_first' from command line to 'False'
[0.283s] Level 5:colcon.colcon_core.verb:set package 'andy' build argument 'cmake_force_configure' from command line to 'False'
[0.283s] Level 5:colcon.colcon_core.verb:set package 'andy' build argument 'ament_cmake_args' from command line to 'None'
[0.283s] Level 5:colcon.colcon_core.verb:set package 'andy' build argument 'catkin_cmake_args' from command line to 'None'
[0.283s] Level 5:colcon.colcon_core.verb:set package 'andy' build argument 'catkin_skip_building_tests' from command line to 'False'
[0.283s] DEBUG:colcon.colcon_core.verb:Building package 'andy' with the following arguments: {'ament_cmake_args': None, 'build_base': '/home/andrew/ros2_ws/src/waitforme/build/andy', 'catkin_cmake_args': None, 'catkin_skip_building_tests': False, 'cmake_args': None, 'cmake_clean_cache': False, 'cmake_clean_first': False, 'cmake_force_configure': False, 'cmake_target': None, 'cmake_target_skip_unavailable': False, 'install_base': '/home/andrew/ros2_ws/src/waitforme/install/andy', 'merge_install': False, 'path': '/home/andrew/ros2_ws/src/waitforme/andy', 'symlink_install': False, 'test_result_base': None}
[0.283s] INFO:colcon.colcon_core.executor:Executing jobs using 'parallel' executor
[0.284s] DEBUG:colcon.colcon_parallel_executor.executor.parallel:run_until_complete
[0.284s] INFO:colcon.colcon_ros.task.ament_cmake.build:Building ROS package in '/home/andrew/ros2_ws/src/waitforme/andy' with build type 'ament_cmake'
[0.284s] INFO:colcon.colcon_cmake.task.cmake.build:Building CMake package in '/home/andrew/ros2_ws/src/waitforme/andy'
[0.286s] INFO:colcon.colcon_core.plugin_system:Skipping extension 'colcon_core.shell.bat': Not used on non-Windows systems
[0.286s] INFO:colcon.colcon_core.shell:Skip shell extension 'powershell' for command environment: Not usable outside of PowerShell
[0.286s] DEBUG:colcon.colcon_core.shell:Skip shell extension 'dsv' for command environment
[0.298s] DEBUG:colcon.colcon_core.event_handler.log_command:Invoking command in '/home/andrew/ros2_ws/src/waitforme/build/andy': CMAKE_PREFIX_PATH=${CMAKE_PREFIX_PATH}:/home/andrew/ros2_ws/install/turtlebot3_teleop:/opt/ros/humble /usr/bin/cmake --build /home/andrew/ros2_ws/src/waitforme/build/andy -- -j12 -l12
[0.389s] DEBUG:colcon.colcon_core.event_handler.log_command:Invoked command in '/home/andrew/ros2_ws/src/waitforme/build/andy' returned '0': CMAKE_PREFIX_PATH=${CMAKE_PREFIX_PATH}:/home/andrew/ros2_ws/install/turtlebot3_teleop:/opt/ros/humble /usr/bin/cmake --build /home/andrew/ros2_ws/src/waitforme/build/andy -- -j12 -l12
[0.407s] DEBUG:colcon.colcon_core.event_handler.log_command:Invoking command in '/home/andrew/ros2_ws/src/waitforme/build/andy': CMAKE_PREFIX_PATH=${CMAKE_PREFIX_PATH}:/home/andrew/ros2_ws/install/turtlebot3_teleop:/opt/ros/humble /usr/bin/cmake --install /home/andrew/ros2_ws/src/waitforme/build/andy
[0.419s] Level 1:colcon.colcon_core.environment:create_environment_scripts_only(andy)
[0.420s] DEBUG:colcon.colcon_core.event_handler.log_command:Invoked command in '/home/andrew/ros2_ws/src/waitforme/build/andy' returned '0': CMAKE_PREFIX_PATH=${CMAKE_PREFIX_PATH}:/home/andrew/ros2_ws/install/turtlebot3_teleop:/opt/ros/humble /usr/bin/cmake --install /home/andrew/ros2_ws/src/waitforme/build/andy
[0.423s] Level 1:colcon.colcon_core.environment:checking '/home/andrew/ros2_ws/src/waitforme/install/andy' for CMake module files
[0.423s] Level 1:colcon.colcon_core.environment:checking '/home/andrew/ros2_ws/src/waitforme/install/andy' for CMake config files
[0.423s] Level 1:colcon.colcon_core.shell:create_environment_hook('andy', 'cmake_prefix_path')
[0.423s] INFO:colcon.colcon_core.shell:Creating environment hook '/home/andrew/ros2_ws/src/waitforme/install/andy/share/andy/hook/cmake_prefix_path.ps1'
[0.424s] INFO:colcon.colcon_core.shell:Creating environment descriptor '/home/andrew/ros2_ws/src/waitforme/install/andy/share/andy/hook/cmake_prefix_path.dsv'
[0.425s] INFO:colcon.colcon_core.shell:Creating environment hook '/home/andrew/ros2_ws/src/waitforme/install/andy/share/andy/hook/cmake_prefix_path.sh'
[0.426s] Level 1:colcon.colcon_core.environment:checking '/home/andrew/ros2_ws/src/waitforme/install/andy/lib'
[0.426s] Level 1:colcon.colcon_core.environment:checking '/home/andrew/ros2_ws/src/waitforme/install/andy/bin'
[0.426s] Level 1:colcon.colcon_core.environment:checking '/home/andrew/ros2_ws/src/waitforme/install/andy/lib/pkgconfig/andy.pc'
[0.426s] Level 1:colcon.colcon_core.environment:checking '/home/andrew/ros2_ws/src/waitforme/install/andy/lib/python3.10/site-packages'
[0.427s] Level 1:colcon.colcon_core.environment:checking '/home/andrew/ros2_ws/src/waitforme/install/andy/bin'
[0.427s] INFO:colcon.colcon_core.shell:Creating package script '/home/andrew/ros2_ws/src/waitforme/install/andy/share/andy/package.ps1'
[0.428s] INFO:colcon.colcon_core.shell:Creating package descriptor '/home/andrew/ros2_ws/src/waitforme/install/andy/share/andy/package.dsv'
[0.429s] INFO:colcon.colcon_core.shell:Creating package script '/home/andrew/ros2_ws/src/waitforme/install/andy/share/andy/package.sh'
[0.430s] INFO:colcon.colcon_core.shell:Creating package script '/home/andrew/ros2_ws/src/waitforme/install/andy/share/andy/package.bash'
[0.432s] INFO:colcon.colcon_core.shell:Creating package script '/home/andrew/ros2_ws/src/waitforme/install/andy/share/andy/package.zsh'
[0.432s] Level 1:colcon.colcon_core.environment:create_file_with_runtime_dependencies(/home/andrew/ros2_ws/src/waitforme/install/andy/share/colcon-core/packages/andy)
[0.433s] Level 1:colcon.colcon_core.environment:create_environment_scripts_only(andy)
[0.434s] Level 1:colcon.colcon_core.environment:checking '/home/andrew/ros2_ws/src/waitforme/install/andy' for CMake module files
[0.435s] Level 1:colcon.colcon_core.environment:checking '/home/andrew/ros2_ws/src/waitforme/install/andy' for CMake config files
[0.435s] Level 1:colcon.colcon_core.shell:create_environment_hook('andy', 'cmake_prefix_path')
[0.435s] INFO:colcon.colcon_core.shell:Creating environment hook '/home/andrew/ros2_ws/src/waitforme/install/andy/share/andy/hook/cmake_prefix_path.ps1'
[0.436s] INFO:colcon.colcon_core.shell:Creating environment descriptor '/home/andrew/ros2_ws/src/waitforme/install/andy/share/andy/hook/cmake_prefix_path.dsv'
[0.437s] INFO:colcon.colcon_core.shell:Creating environment hook '/home/andrew/ros2_ws/src/waitforme/install/andy/share/andy/hook/cmake_prefix_path.sh'
[0.438s] Level 1:colcon.colcon_core.environment:checking '/home/andrew/ros2_ws/src/waitforme/install/andy/lib'
[0.439s] Level 1:colcon.colcon_core.environment:checking '/home/andrew/ros2_ws/src/waitforme/install/andy/bin'
[0.439s] Level 1:colcon.colcon_core.environment:checking '/home/andrew/ros2_ws/src/waitforme/install/andy/lib/pkgconfig/andy.pc'
[0.439s] Level 1:colcon.colcon_core.environment:checking '/home/andrew/ros2_ws/src/waitforme/install/andy/lib/python3.10/site-packages'
[0.440s] Level 1:colcon.colcon_core.environment:checking '/home/andrew/ros2_ws/src/waitforme/install/andy/bin'
[0.441s] INFO:colcon.colcon_core.shell:Creating package script '/home/andrew/ros2_ws/src/waitforme/install/andy/share/andy/package.ps1'
[0.443s] INFO:colcon.colcon_core.shell:Creating package descriptor '/home/andrew/ros2_ws/src/waitforme/install/andy/share/andy/package.dsv'
[0.443s] INFO:colcon.colcon_core.shell:Creating package script '/home/andrew/ros2_ws/src/waitforme/install/andy/share/andy/package.sh'
[0.444s] INFO:colcon.colcon_core.shell:Creating package script '/home/andrew/ros2_ws/src/waitforme/install/andy/share/andy/package.bash'
[0.445s] INFO:colcon.colcon_core.shell:Creating package script '/home/andrew/ros2_ws/src/waitforme/install/andy/share/andy/package.zsh'
[0.446s] Level 1:colcon.colcon_core.environment:create_file_with_runtime_dependencies(/home/andrew/ros2_ws/src/waitforme/install/andy/share/colcon-core/packages/andy)
[0.446s] DEBUG:colcon.colcon_parallel_executor.executor.parallel:closing loop
[0.446s] DEBUG:colcon.colcon_parallel_executor.executor.parallel:loop closed
[0.446s] DEBUG:colcon.colcon_parallel_executor.executor.parallel:run_until_complete finished with '0'
[0.446s] DEBUG:colcon.colcon_core.event_reactor:joining thread
[0.451s] INFO:colcon.colcon_core.plugin_system:Skipping extension 'colcon_notification.desktop_notification.terminal_notifier': Not used on non-Darwin systems
[0.451s] INFO:colcon.colcon_core.plugin_system:Skipping extension 'colcon_notification.desktop_notification.win32': Not used on non-Windows systems
[0.451s] INFO:colcon.colcon_notification.desktop_notification:Sending desktop notification using 'notify2'
[0.473s] DEBUG:colcon.colcon_core.event_reactor:joined thread
[0.474s] INFO:colcon.colcon_core.shell:Creating prefix script '/home/andrew/ros2_ws/src/waitforme/install/local_setup.ps1'
[0.475s] INFO:colcon.colcon_core.shell:Creating prefix util module '/home/andrew/ros2_ws/src/waitforme/install/_local_setup_util_ps1.py'
[0.476s] INFO:colcon.colcon_core.shell:Creating prefix chain script '/home/andrew/ros2_ws/src/waitforme/install/setup.ps1'
[0.478s] INFO:colcon.colcon_core.shell:Creating prefix script '/home/andrew/ros2_ws/src/waitforme/install/local_setup.sh'
[0.479s] INFO:colcon.colcon_core.shell:Creating prefix util module '/home/andrew/ros2_ws/src/waitforme/install/_local_setup_util_sh.py'
[0.480s] INFO:colcon.colcon_core.shell:Creating prefix chain script '/home/andrew/ros2_ws/src/waitforme/install/setup.sh'
[0.481s] INFO:colcon.colcon_core.shell:Creating prefix script '/home/andrew/ros2_ws/src/waitforme/install/local_setup.bash'
[0.482s] INFO:colcon.colcon_core.shell:Creating prefix chain script '/home/andrew/ros2_ws/src/waitforme/install/setup.bash'
[0.483s] INFO:colcon.colcon_core.shell:Creating prefix script '/home/andrew/ros2_ws/src/waitforme/install/local_setup.zsh'
[0.484s] INFO:colcon.colcon_core.shell:Creating prefix chain script '/home/andrew/ros2_ws/src/waitforme/install/setup.zsh'
