[35m[1mConsolidate compiler generated dependencies of target path_planner[0m
[ 50%] [32mBuilding CXX object CMakeFiles/path_planner.dir/src/path_planner.cpp.o[0m
[100%] [32m[1mLinking CXX executable path_planner[0m
[100%] Built target path_planner
-- Install configuration: ""
-- Installing: /home/andrew/ros2_ws/src/waitforme/install/andy/lib/andy/path_planner
-- Set runtime path of "/home/andrew/ros2_ws/src/waitforme/install/andy/lib/andy/path_planner" to ""
-- Up-to-date: /home/andrew/ros2_ws/src/waitforme/install/andy/share/ament_index/resource_index/package_run_dependencies/andy
-- Up-to-date: /home/andrew/ros2_ws/src/waitforme/install/andy/share/ament_index/resource_index/parent_prefix_path/andy
-- Up-to-date: /home/andrew/ros2_ws/src/waitforme/install/andy/share/andy/environment/ament_prefix_path.sh
-- Up-to-date: /home/andrew/ros2_ws/src/waitforme/install/andy/share/andy/environment/ament_prefix_path.dsv
-- Up-to-date: /home/andrew/ros2_ws/src/waitforme/install/andy/share/andy/environment/path.sh
-- Up-to-date: /home/andrew/ros2_ws/src/waitforme/install/andy/share/andy/environment/path.dsv
-- Up-to-date: /home/andrew/ros2_ws/src/waitforme/install/andy/share/andy/local_setup.bash
-- Up-to-date: /home/andrew/ros2_ws/src/waitforme/install/andy/share/andy/local_setup.sh
-- Up-to-date: /home/andrew/ros2_ws/src/waitforme/install/andy/share/andy/local_setup.zsh
-- Up-to-date: /home/andrew/ros2_ws/src/waitforme/install/andy/share/andy/local_setup.dsv
-- Installing: /home/andrew/ros2_ws/src/waitforme/install/andy/share/andy/package.dsv
-- Up-to-date: /home/andrew/ros2_ws/src/waitforme/install/andy/share/ament_index/resource_index/packages/andy
-- Up-to-date: /home/andrew/ros2_ws/src/waitforme/install/andy/share/andy/cmake/andyConfig.cmake
-- Up-to-date: /home/andrew/ros2_ws/src/waitforme/install/andy/share/andy/cmake/andyConfig-version.cmake
-- Up-to-date: /home/andrew/ros2_ws/src/waitforme/install/andy/share/andy/package.xml
