[0.009s] Invoking command in '/home/andrew/ros2_ws/src/waitforme/build/andy': CMAKE_PREFIX_PATH=${CMAKE_PREFIX_PATH}:/home/andrew/ros2_ws/install/turtlebot3_teleop:/opt/ros/humble /usr/bin/cmake --build /home/andrew/ros2_ws/src/waitforme/build/andy -- -j12 -l12
[0.061s] [35m[1mConsolidate compiler generated dependencies of target path_planner[0m
[0.082s] [ 50%] [32mBuilding CXX object CMakeFiles/path_planner.dir/src/path_planner.cpp.o[0m
[6.216s] [100%] [32m[1mLinking CXX executable path_planner[0m
[6.563s] [100%] Built target path_planner
[6.576s] Invoked command in '/home/andrew/ros2_ws/src/waitforme/build/andy' returned '0': CMAKE_PREFIX_PATH=${CMAKE_PREFIX_PATH}:/home/andrew/ros2_ws/install/turtlebot3_teleop:/opt/ros/humble /usr/bin/cmake --build /home/andrew/ros2_ws/src/waitforme/build/andy -- -j12 -l12
[6.591s] Invoking command in '/home/andrew/ros2_ws/src/waitforme/build/andy': CMAKE_PREFIX_PATH=${CMAKE_PREFIX_PATH}:/home/andrew/ros2_ws/install/turtlebot3_teleop:/opt/ros/humble /usr/bin/cmake --install /home/andrew/ros2_ws/src/waitforme/build/andy
[6.600s] -- Install configuration: ""
[6.600s] -- Installing: /home/andrew/ros2_ws/src/waitforme/install/andy/lib/andy/path_planner
[6.604s] -- Set runtime path of "/home/andrew/ros2_ws/src/waitforme/install/andy/lib/andy/path_planner" to ""
[6.604s] -- Up-to-date: /home/andrew/ros2_ws/src/waitforme/install/andy/share/ament_index/resource_index/package_run_dependencies/andy
[6.604s] -- Up-to-date: /home/andrew/ros2_ws/src/waitforme/install/andy/share/ament_index/resource_index/parent_prefix_path/andy
[6.604s] -- Up-to-date: /home/andrew/ros2_ws/src/waitforme/install/andy/share/andy/environment/ament_prefix_path.sh
[6.604s] -- Up-to-date: /home/andrew/ros2_ws/src/waitforme/install/andy/share/andy/environment/ament_prefix_path.dsv
[6.604s] -- Up-to-date: /home/andrew/ros2_ws/src/waitforme/install/andy/share/andy/environment/path.sh
[6.605s] -- Up-to-date: /home/andrew/ros2_ws/src/waitforme/install/andy/share/andy/environment/path.dsv
[6.605s] -- Up-to-date: /home/andrew/ros2_ws/src/waitforme/install/andy/share/andy/local_setup.bash
[6.605s] -- Up-to-date: /home/andrew/ros2_ws/src/waitforme/install/andy/share/andy/local_setup.sh
[6.605s] -- Up-to-date: /home/andrew/ros2_ws/src/waitforme/install/andy/share/andy/local_setup.zsh
[6.605s] -- Up-to-date: /home/andrew/ros2_ws/src/waitforme/install/andy/share/andy/local_setup.dsv
[6.605s] -- Installing: /home/andrew/ros2_ws/src/waitforme/install/andy/share/andy/package.dsv
[6.605s] -- Up-to-date: /home/andrew/ros2_ws/src/waitforme/install/andy/share/ament_index/resource_index/packages/andy
[6.606s] -- Up-to-date: /home/andrew/ros2_ws/src/waitforme/install/andy/share/andy/cmake/andyConfig.cmake
[6.606s] -- Up-to-date: /home/andrew/ros2_ws/src/waitforme/install/andy/share/andy/cmake/andyConfig-version.cmake
[6.607s] -- Up-to-date: /home/andrew/ros2_ws/src/waitforme/install/andy/share/andy/package.xml
[6.607s] Invoked command in '/home/andrew/ros2_ws/src/waitforme/build/andy' returned '0': CMAKE_PREFIX_PATH=${CMAKE_PREFIX_PATH}:/home/andrew/ros2_ws/install/turtlebot3_teleop:/opt/ros/humble /usr/bin/cmake --install /home/andrew/ros2_ws/src/waitforme/build/andy
